<?xml version="1.0" encoding="UTF-8"?>
<testsuite xmlns:xsi="http://www.w3.org/2001/XMLSchema-instance" xsi:noNamespaceSchemaLocation="https://maven.apache.org/surefire/maven-surefire-plugin/xsd/surefire-test-report.xsd" version="3.0.2" name="com.accountposting.controller.AccountPostingLegControllerTest" time="1.173" tests="16" errors="0" skipped="0" failures="0" flakes="0">
  <properties>
[...]
</properties>
  <testcase name="returns500_whenServiceThrows" classname="com.accountposting.controller.AccountPostingLegControllerTest$ManualUpdateLeg" time="0.028">
    <system-out><![CDATA[{"timestamp":"2026-03-22T06:05:18.2878432Z","@version":"1","message":"Could not detect default configuration classes for test class [com.accountposting.controller.AccountPostingLegControllerTest]: AccountPostingLegControllerTest does not declare any static, non-private, non-final, nested classes annotated with @Configuration.","logger":"org.springframework.test.context.support.AnnotationConfigContextLoaderUtils","thread":"main","level":"INFO","level_value":20000,"appName":"account-posting","app":"account-posting"}
{"timestamp":"2026-03-22T06:05:18.3009872Z","@version":"1","message":"Found @SpringBootConfiguration com.accountposting.AccountPostingApplication for test class com.accountposting.controller.AccountPostingLegControllerTest","logger":"org.springframework.boot.test.context.SpringBootTestContextBootstrapper","thread":"main","level":"INFO","level_value":20000,"appName":"account-posting","app":"account-posting"}
{"timestamp":"2026-03-22T06:05:18.3059913Z","@version":"1","message":"Could not detect default configuration classes for test class [com.accountposting.controller.AccountPostingLegControllerTest$ManualUpdateLeg]: ManualUpdateLeg does not declare any static, non-private, non-final, nested classes annotated with @Configuration.","logger":"org.springframework.test.context.support.AnnotationConfigContextLoaderUtils","thread":"main","level":"INFO","level_value":20000,"appName":"account-posting","app":"account-posting"}
{"timestamp":"2026-03-22T06:05:18.3287302Z","@version":"1","message":"Found @SpringBootConfiguration com.accountposting.AccountPostingApplication for test class com.accountposting.controller.AccountPostingLegControllerTest$ManualUpdateLeg","logger":"org.springframework.boot.test.context.SpringBootTestContextBootstrapper","thread":"main","level":"INFO","level_value":20000,"appName":"account-posting","app":"account-posting"}

  .   ____          _            __ _ _
 /\\ / ___'_ __ _ _(_)_ __  __ _ \ \ \ \
( ( )\___ | '_ | '_| | '_ \/ _` | \ \ \ \
 \\/  ___)| |_)| | | | | || (_| |  ) ) ) )
  '  |____| .__|_| |_|_| |_\__, | / / / /
 =========|_|==============|___/=/_/_/_/

 :: Spring Boot ::               (v3.5.12)

{"timestamp":"2026-03-22T06:05:18.3937397Z","@version":"1","message":"Starting AccountPostingLegControllerTest using Java 21.0.9 with PID 21068 (started by Administrator in E:\\Development\\code_practice\\claude\\project\\account-posting)","logger":"com.accountposting.controller.AccountPostingLegControllerTest","thread":"main","level":"INFO","level_value":20000,"appName":"account-posting","app":"account-posting"}
{"timestamp":"2026-03-22T06:05:18.3937397Z","@version":"1","message":"Running with Spring Boot v3.5.12, Spring v6.2.17","logger":"com.accountposting.controller.AccountPostingLegControllerTest","thread":"main","level":"DEBUG","level_value":10000,"appName":"account-posting","app":"account-posting"}
{"timestamp":"2026-03-22T06:05:18.3947358Z","@version":"1","message":"No active profile set, falling back to 1 default profile: \"default\"","logger":"com.accountposting.controller.AccountPostingLegControllerTest","thread":"main","level":"INFO","level_value":20000,"appName":"account-posting","app":"account-posting"}
{"timestamp":"2026-03-22T06:05:18.8925134Z","@version":"1","message":"Filter 'mdcLoggingFilter' configured for use","logger":"com.accountposting.config.MdcLoggingFilter","thread":"main","level":"DEBUG","level_value":10000,"appName":"account-posting","app":"account-posting"}
{"timestamp":"2026-03-22T06:05:18.8925134Z","@version":"1","message":"Initializing Spring TestDispatcherServlet ''","logger":"org.springframework.boot.test.mock.web.SpringBootMockServletContext","thread":"main","level":"INFO","level_value":20000,"appName":"account-posting","app":"account-posting"}
{"timestamp":"2026-03-22T06:05:18.8925134Z","@version":"1","message":"Initializing Servlet ''","logger":"org.springframework.test.web.servlet.TestDispatcherServlet","thread":"main","level":"INFO","level_value":20000,"appName":"account-posting","app":"account-posting"}
{"timestamp":"2026-03-22T06:05:18.893515Z","@version":"1","message":"Completed initialization in 1 ms","logger":"org.springframework.test.web.servlet.TestDispatcherServlet","thread":"main","level":"INFO","level_value":20000,"appName":"account-posting","app":"account-posting"}
{"timestamp":"2026-03-22T06:05:18.9020329Z","@version":"1","message":"Started AccountPostingLegControllerTest in 0.566 seconds (process running for 8.682)","logger":"com.accountposting.controller.AccountPostingLegControllerTest","thread":"main","level":"INFO","level_value":20000,"appName":"account-posting","app":"account-posting"}
{"timestamp":"2026-03-22T06:05:18.926897Z","@version":"1","message":"Unexpected error","logger":"com.accountposting.exception.GlobalExceptionHandler","thread":"main","level":"ERROR","level_value":40000,"stack_trace":"java.lang.RuntimeException: Unexpected\r\n\tat c.a.c.AccountPostingLegController.manualUpdateLeg(AccountPostingLegController.java:60)\r\n\tat j.i.r.DirectMethodHandleAccessor.invoke(DirectMethodHandleAccessor.java:103)\r\n\tat java.lang.reflect.Method.invoke(Method.java:580)\r\n\tat o.s.w.m.s.InvocableHandlerMethod.doInvoke(InvocableHandlerMethod.java:258)\r\n\tat o.s.w.m.s.InvocableHandlerMethod.invokeForRequest(InvocableHandlerMethod.java:191)\r\n\tat o.s.w.s.m.m.a.ServletInvocableHandlerMethod.invokeAndHandle(ServletInvocableHandlerMethod.java:118)\r\n\tat o.s.w.s.m.m.a.RequestMappingHandlerAdapter.invokeHandlerMethod(RequestMappingHandlerAdapter.java:991)\r\n\tat o.s.w.s.m.m.a.RequestMappingHandlerAdapter.handleInternal(RequestMappingHandlerAdapter.java:896)\r\n\tat o.s.w.s.m.m.AbstractHandlerMethodAdapter.handle(AbstractHandlerMethodAdapter.java:87)\r\n\tat o.s.web.servlet.DispatcherServlet.doDispatch(DispatcherServlet.java:1089)\r\n\tat o.s.web.servlet.DispatcherServlet.doService(DispatcherServlet.java:979)\r\n\tat o.s.web.servlet.FrameworkServlet.processRequest(FrameworkServlet.java:1014)\r\n\tat o.s.web.servlet.FrameworkServlet.service(FrameworkServlet.java:888)\r\n\tat o.s.t.w.s.TestDispatcherServlet.service(TestDispatcherServlet.java:72)\r\n\tat jakarta.servlet.http.HttpServlet.service(HttpServlet.java:658)\r\n\tat o.s.m.w.MockFilterChain$ServletFilterProxy.doFilter(MockFilterChain.java:165)\r\n\tat o.s.mock.web.MockFilterChain.doFilter(MockFilterChain.java:132)\r\n\tat c.a.config.MdcLoggingFilter.doFilterInternal(MdcLoggingFilter.java:44)\r\n\tat o.s.web.filter.OncePerRequestFilter.doFilter(OncePerRequestFilter.java:116)\r\n\tat o.s.t.w.s.s.MockMvcFilterDecorator.doFilter(MockMvcFilterDecorator.java:162)\r\n\tat o.s.mock.web.MockFilterChain.doFilter(MockFilterChain.java:132)\r\n\tat o.s.web.filter.RequestContextFilter.doFilterInternal(RequestContextFilter.java:100)\r\n\tat o.s.web.filter.OncePerRequestFilter.doFilter(OncePerRequestFilter.java:116)\r\n\tat o.s.t.w.s.s.MockMvcFilterDecorator.doFilter(MockMvcFilterDecorator.java:162)\r\n\tat o.s.mock.web.MockFilterChain.doFilter(MockFilterChain.java:132)\r\n\tat o.s.web.filter.FormContentFilter.doFilterInternal(FormContentFilter.java:93)\r\n\tat o.s.web.filter.OncePerRequestFilter.doFilter(OncePerRequestFilter.java:116)\r\n\tat o.s.t.w.s.s.MockMvcFilterDecorator.doFilter(MockMvcFilterDecorator.java:162)\r\n\tat o.s.mock.web.MockFilterChain.doFilter(MockFilterChain.java:132)\r\n\tat o.s.w.filter.CharacterEncodingFilter.doFilterInternal(CharacterEncodingFilter.java:201)\r\n\tat o.s.web.filter.OncePerRequestFilter.doFilter(OncePerRequestFilter.java:116)\r\n\tat o.s.t.w.s.s.MockMvcFilterDecorator.doFilter(MockMvcFilterDecorator.java:162)\r\n\tat o.s.mock.web.MockFilterChain.doFilter(MockFilterChain.java:132)\r\n\tat o.s.test.web.servlet.MockMvc.perform(MockMvc.java:201)\r\n\tat c.a.c.AccountPostingLegControllerTest$ManualUpdateLeg.returns500_whenServiceThrows(AccountPostingLegControllerTest.java:356)\r\n\tat j.i.r.DirectMethodHandleAccessor.invoke(DirectMethodHandleAccessor.java:103)\r\n\tat java.lang.reflect.Method.invoke(Method.java:580)\r\n\tat o.j.p.commons.util.ReflectionUtils.invokeMethod(ReflectionUtils.java:775)\r\n\tat o.j.p.c.support.ReflectionSupport.invokeMethod(ReflectionSupport.java:479)\r\n\tat o.j.j.e.execution.MethodInvocation.proceed(MethodInvocation.java:60)\r\n\tat o.j.j.e.e.InvocationInterceptorChain$ValidatingInvocation.proceed(InvocationInterceptorChain.java:131)\r\n\tat o.j.j.e.extension.TimeoutExtension.intercept(TimeoutExtension.java:161)\r\n\tat o.j.j.e.extension.TimeoutExtension.interceptTestableMethod(TimeoutExtension.java:152)\r\n\tat o.j.j.e.extension.TimeoutExtension.interceptTestMethod(TimeoutExtension.java:91)\r\n\tat o.j.j.e.e.InterceptingExecutableInvoker$ReflectiveInterceptorCall.lambda$ofVoidMethod$0(InterceptingExecutableInvoker.java:112)\r\n\tat o.j.j.e.e.InterceptingExecutableInvoker.lambda$invoke$0(InterceptingExecutableInvoker.java:94)\r\n\tat o.j.j.e.e.InvocationInterceptorChain$InterceptedInvocation.proceed(InvocationInterceptorChain.java:106)\r\n\tat o.j.j.e.e.InvocationInterceptorChain.proceed(InvocationInterceptorChain.java:64)\r\n\tat o.j.j.e.e.InvocationInterceptorChain.chainAndInvoke(InvocationInterceptorChain.java:45)\r\n\tat o.j.j.e.e.InvocationInterceptorChain.invoke(InvocationInterceptorChain.java:37)\r\n\tat o.j.j.e.e.InterceptingExecutableInvoker.invoke(InterceptingExecutableInvoker.java:93)\r\n\tat o.j.j.e.e.InterceptingExecutableInvoker.invoke(InterceptingExecutableInvoker.java:87)\r\n\tat o.j.j.e.d.TestMethodTestDescriptor.lambda$invokeTestMethod$7(TestMethodTestDescriptor.java:216)\r\n\tat o.j.p.e.s.h.ThrowableCollector.execute(ThrowableCollector.java:73)\r\n\tat o.j.j.e.d.TestMethodTestDescriptor.invokeTestMethod(TestMethodTestDescriptor.java:212)\r\n\tat o.j.j.e.d.TestMethodTestDescriptor.execute(TestMethodTestDescriptor.java:137)\r\n\tat o.j.j.e.d.TestMethodTestDescriptor.execute(TestMethodTestDescriptor.java:69)\r\n\tat o.j.p.e.s.hierarchical.NodeTestTask.lambda$executeRecursively$6(NodeTestTask.java:156)\r\n\tat o.j.p.e.s.h.ThrowableCollector.execute(ThrowableCollector.java:73)\r\n\tat o.j.p.e.s.hierarchical.NodeTestTask.lambda$executeRecursively$8(NodeTestTask.java:146)\r\n\tat o.j.p.e.support.hierarchical.Node.around(Node.java:137)\r\n\tat o.j.p.e.s.hierarchical.NodeTestTask.lambda$executeRecursively$9(NodeTestTask.java:144)\r\n\tat o.j.p.e.s.h.ThrowableCollector.execute(ThrowableCollector.java:73)\r\n\tat o.j.p.e.s.hierarchical.NodeTestTask.executeRecursively(NodeTestTask.java:143)\r\n\tat o.j.p.e.s.hierarchical.NodeTestTask.execute(NodeTestTask.java:100)\r\n\tat java.util.ArrayList.forEach(ArrayList.java:1596)\r\n\tat o.j.p.e.s.h.SameThreadHierarchicalTestExecutorService.invokeAll(SameThreadHierarchicalTestExecutorService.java:41)\r\n\tat o.j.p.e.s.hierarchical.NodeTestTask.lambda$executeRecursively$6(NodeTestTask.java:160)\r\n\tat o.j.p.e.s.h.ThrowableCollector.execute(ThrowableCollector.java:73)\r\n\tat o.j.p.e.s.hierarchical.NodeTestTask.lambda$executeRecursively$8(NodeTestTask.java:146)\r\n\tat o.j.p.e.support.hierarchical.Node.around(Node.java:137)\r\n\tat o.j.p.e.s.hierarchical.NodeTestTask.lambda$executeRecursively$9(NodeTestTask.java:144)\r\n\tat o.j.p.e.s.h.ThrowableCollector.execute(ThrowableCollector.java:73)\r\n\tat o.j.p.e.s.hierarchical.NodeTestTask.executeRecursively(NodeTestTask.java:143)\r\n\tat o.j.p.e.s.hierarchical.NodeTestTask.execute(NodeTestTask.java:100)\r\n\tat java.util.ArrayList.forEach(ArrayList.java:1596)\r\n\tat o.j.p.e.s.h.SameThreadHierarchicalTestExecutorService.invokeAll(SameThreadHierarchicalTestExecutorService.java:41)\r\n\tat o.j.p.e.s.hierarchical.NodeTestTask.lambda$executeRecursively$6(NodeTestTask.java:160)\r\n\tat o.j.p.e.s.h.ThrowableCollector.execute(ThrowableCollector.java:73)\r\n\tat o.j.p.e.s.hierarchical.NodeTestTask.lambda$executeRecursively$8(NodeTestTask.java:146)\r\n\tat o.j.p.e.support.hierarchical.Node.around(Node.java:137)\r\n\tat o.j.p.e.s.hierarchical.NodeTestTask.lambda$executeRecursively$9(NodeTestTask.java:144)\r\n\tat o.j.p.e.s.h.ThrowableCollector.execute(ThrowableCollector.java:73)\r\n\tat o.j.p.e.s.hierarchical.NodeTestTask.executeRecursively(NodeTestTask.java:143)\r\n\tat o.j.p.e.s.hierarchical.NodeTestTask.execute(NodeTestTask.java:100)\r\n\tat java.util.ArrayList.forEach(ArrayList.java:1596)\r\n\tat o.j.p.e.s.h.SameThreadHierarchicalTestExecutorService.invokeAll(SameThreadHierarchicalTestExecutorService.java:41)\r\n\tat o.j.p.e.s.hierarchical.NodeTestTask.lambda$executeRecursively$6(NodeTestTask.java:160)\r\n\tat o.j.p.e.s.h.ThrowableCollector.execute(ThrowableCollector.java:73)\r\n\tat o.j.p.e.s.hierarchical.NodeTestTask.lambda$executeRecursively$8(NodeTestTask.java:146)\r\n\tat o.j.p.e.support.hierarchical.Node.around(Node.java:137)\r\n\tat o.j.p.e.s.hierarchical.NodeTestTask.lambda$executeRecursively$9(NodeTestTask.java:144)\r\n\tat o.j.p.e.s.h.ThrowableCollector.execute(ThrowableCollector.java:73)\r\n\tat o.j.p.e.s.hierarchical.NodeTestTask.executeRecursively(NodeTestTask.java:143)\r\n\tat o.j.p.e.s.hierarchical.NodeTestTask.execute(NodeTestTask.java:100)\r\n\tat o.j.p.e.s.h.SameThreadHierarchicalTestExecutorService.submit(SameThreadHierarchicalTestExecutorService.java:35)\r\n\tat o.j.p.e.s.h.HierarchicalTestExecutor.execute(HierarchicalTestExecutor.java:57)\r\n\tat o.j.p.e.s.h.HierarchicalTestEngine.execute(HierarchicalTestEngine.java:54)\r\n\tat o.j.p.l.c.EngineExecutionOrchestrator.execute(EngineExecutionOrchestrator.java:201)\r\n\tat o.j.p.l.c.EngineExecutionOrchestrator.execute(EngineExecutionOrchestrator.java:170)\r\n\tat o.j.p.l.c.EngineExecutionOrchestrator.execute(EngineExecutionOrchestrator.java:94)\r\n\tat o.j.p.l.c.EngineExecutionOrchestrator.lambda$execute$0(EngineExecutionOrchestrator.java:59)\r\n\tat o.j.p.l.c.EngineExecutionOrchestrator.withInterceptedStreams(EngineExecutionOrchestrator.java:142)\r\n\tat o.j.p.l.c.EngineExecutionOrchestrator.execute(EngineExecutionOrchestrator.java:58)\r\n\tat o.j.p.launcher.core.DefaultLauncher.execute(DefaultLauncher.java:103)\r\n\tat o.j.p.launcher.core.DefaultLauncher.execute(DefaultLauncher.java:85)\r\n\tat o.j.p.l.core.DelegatingLauncher.execute(DelegatingLauncher.java:47)\r\n\tat o.j.p.l.core.InterceptingLauncher.lambda$execute$1(InterceptingLauncher.java:39)\r\n\tat o.j.p.l.c.ClasspathAlignmentCheckingLauncherInterceptor.intercept(ClasspathAlignmentCheckingLauncherInterceptor.java:25)\r\n\tat o.j.p.l.core.InterceptingLauncher.execute(InterceptingLauncher.java:38)\r\n\tat o.j.p.l.core.DelegatingLauncher.execute(DelegatingLauncher.java:47)\r\n\tat o.a.m.s.j.LauncherAdapter.executeWithoutCancellationToken(LauncherAdapter.java:60)\r\n\tat o.a.m.s.j.LauncherAdapter.execute(LauncherAdapter.java:52)\r\n\tat o.a.m.s.j.JUnitPlatformProvider.execute(JUnitPlatformProvider.java:203)\r\n\tat o.a.m.s.j.JUnitPlatformProvider.invokeAllTests(JUnitPlatformProvider.java:168)\r\n\tat o.a.m.s.j.JUnitPlatformProvider.invoke(JUnitPlatformProvider.java:136)\r\n\tat o.a.m.surefire.booter.ForkedBooter.runSuitesInProcess(ForkedBooter.java:385)\r\n\tat o.a.m.surefire.booter.ForkedBooter.execute(ForkedBooter.java:162)\r\n\tat o.a.m.surefire.booter.ForkedBooter.run(ForkedBooter.java:507)\r\n\tat o.a.m.surefire.booter.ForkedBooter.main(ForkedBooter.java:495)\r\n","appName":"account-posting","traceId":"0815ca2e6e724b51","app":"account-posting"}
]]></system-out>
  </testcase>
  <testcase name="returns500_whenServiceThrows" classname="com.accountposting.controller.AccountPostingLegControllerTest$UpdateLeg" time="0.035">
    <system-out><![CDATA[{"timestamp":"2026-03-22T06:05:19.0443382Z","@version":"1","message":"Could not detect default configuration classes for test class [com.accountposting.controller.AccountPostingLegControllerTest$UpdateLeg]: UpdateLeg does not declare any static, non-private, non-final, nested classes annotated with @Configuration.","logger":"org.springframework.test.context.support.AnnotationConfigContextLoaderUtils","thread":"main","level":"INFO","level_value":20000,"appName":"account-posting","app":"account-posting"}
{"timestamp":"2026-03-22T06:05:19.0591232Z","@version":"1","message":"Found @SpringBootConfiguration com.accountposting.AccountPostingApplication for test class com.accountposting.controller.AccountPostingLegControllerTest$UpdateLeg","logger":"org.springframework.boot.test.context.SpringBootTestContextBootstrapper","thread":"main","level":"INFO","level_value":20000,"appName":"account-posting","app":"account-posting"}
{"timestamp":"2026-03-22T06:05:19.0917172Z","@version":"1","message":"Unexpected error","logger":"com.accountposting.exception.GlobalExceptionHandler","thread":"main","level":"ERROR","level_value":40000,"stack_trace":"java.lang.RuntimeException: Unexpected\r\n\tat c.a.c.AccountPostingLegController.updateLeg(AccountPostingLegController.java:49)\r\n\tat j.i.r.DirectMethodHandleAccessor.invoke(DirectMethodHandleAccessor.java:103)\r\n\tat java.lang.reflect.Method.invoke(Method.java:580)\r\n\tat o.s.w.m.s.InvocableHandlerMethod.doInvoke(InvocableHandlerMethod.java:258)\r\n\tat o.s.w.m.s.InvocableHandlerMethod.invokeForRequest(InvocableHandlerMethod.java:191)\r\n\tat o.s.w.s.m.m.a.ServletInvocableHandlerMethod.invokeAndHandle(ServletInvocableHandlerMethod.java:118)\r\n\tat o.s.w.s.m.m.a.RequestMappingHandlerAdapter.invokeHandlerMethod(RequestMappingHandlerAdapter.java:991)\r\n\tat o.s.w.s.m.m.a.RequestMappingHandlerAdapter.handleInternal(RequestMappingHandlerAdapter.java:896)\r\n\tat o.s.w.s.m.m.AbstractHandlerMethodAdapter.handle(AbstractHandlerMethodAdapter.java:87)\r\n\tat o.s.web.servlet.DispatcherServlet.doDispatch(DispatcherServlet.java:1089)\r\n\tat o.s.web.servlet.DispatcherServlet.doService(DispatcherServlet.java:979)\r\n\tat o.s.web.servlet.FrameworkServlet.processRequest(FrameworkServlet.java:1014)\r\n\tat o.s.web.servlet.FrameworkServlet.doPut(FrameworkServlet.java:925)\r\n\tat jakarta.servlet.http.HttpServlet.service(HttpServlet.java:593)\r\n\tat o.s.web.servlet.FrameworkServlet.service(FrameworkServlet.java:885)\r\n\tat o.s.t.w.s.TestDispatcherServlet.service(TestDispatcherServlet.java:72)\r\n\tat jakarta.servlet.http.HttpServlet.service(HttpServlet.java:658)\r\n\tat o.s.m.w.MockFilterChain$ServletFilterProxy.doFilter(MockFilterChain.java:165)\r\n\tat o.s.mock.web.MockFilterChain.doFilter(MockFilterChain.java:132)\r\n\tat c.a.config.MdcLoggingFilter.doFilterInternal(MdcLoggingFilter.java:44)\r\n\tat o.s.web.filter.OncePerRequestFilter.doFilter(OncePerRequestFilter.java:116)\r\n\tat o.s.t.w.s.s.MockMvcFilterDecorator.doFilter(MockMvcFilterDecorator.java:162)\r\n\tat o.s.mock.web.MockFilterChain.doFilter(MockFilterChain.java:132)\r\n\tat o.s.web.filter.RequestContextFilter.doFilterInternal(RequestContextFilter.java:100)\r\n\tat o.s.web.filter.OncePerRequestFilter.doFilter(OncePerRequestFilter.java:116)\r\n\tat o.s.t.w.s.s.MockMvcFilterDecorator.doFilter(MockMvcFilterDecorator.java:162)\r\n\tat o.s.mock.web.MockFilterChain.doFilter(MockFilterChain.java:132)\r\n\tat o.s.web.filter.FormContentFilter.doFilterInternal(FormContentFilter.java:93)\r\n\tat o.s.web.filter.OncePerRequestFilter.doFilter(OncePerRequestFilter.java:116)\r\n\tat o.s.t.w.s.s.MockMvcFilterDecorator.doFilter(MockMvcFilterDecorator.java:162)\r\n\tat o.s.mock.web.MockFilterChain.doFilter(MockFilterChain.java:132)\r\n\tat o.s.w.filter.CharacterEncodingFilter.doFilterInternal(CharacterEncodingFilter.java:201)\r\n\tat o.s.web.filter.OncePerRequestFilter.doFilter(OncePerRequestFilter.java:116)\r\n\tat o.s.t.w.s.s.MockMvcFilterDecorator.doFilter(MockMvcFilterDecorator.java:162)\r\n\tat o.s.mock.web.MockFilterChain.doFilter(MockFilterChain.java:132)\r\n\tat o.s.test.web.servlet.MockMvc.perform(MockMvc.java:201)\r\n\tat c.a.c.AccountPostingLegControllerTest$UpdateLeg.returns500_whenServiceThrows(AccountPostingLegControllerTest.java:292)\r\n\tat j.i.r.DirectMethodHandleAccessor.invoke(DirectMethodHandleAccessor.java:103)\r\n\tat java.lang.reflect.Method.invoke(Method.java:580)\r\n\tat o.j.p.commons.util.ReflectionUtils.invokeMethod(ReflectionUtils.java:775)\r\n\tat o.j.p.c.support.ReflectionSupport.invokeMethod(ReflectionSupport.java:479)\r\n\tat o.j.j.e.execution.MethodInvocation.proceed(MethodInvocation.java:60)\r\n\tat o.j.j.e.e.InvocationInterceptorChain$ValidatingInvocation.proceed(InvocationInterceptorChain.java:131)\r\n\tat o.j.j.e.extension.TimeoutExtension.intercept(TimeoutExtension.java:161)\r\n\tat o.j.j.e.extension.TimeoutExtension.interceptTestableMethod(TimeoutExtension.java:152)\r\n\tat o.j.j.e.extension.TimeoutExtension.interceptTestMethod(TimeoutExtension.java:91)\r\n\tat o.j.j.e.e.InterceptingExecutableInvoker$ReflectiveInterceptorCall.lambda$ofVoidMethod$0(InterceptingExecutableInvoker.java:112)\r\n\tat o.j.j.e.e.InterceptingExecutableInvoker.lambda$invoke$0(InterceptingExecutableInvoker.java:94)\r\n\tat o.j.j.e.e.InvocationInterceptorChain$InterceptedInvocation.proceed(InvocationInterceptorChain.java:106)\r\n\tat o.j.j.e.e.InvocationInterceptorChain.proceed(InvocationInterceptorChain.java:64)\r\n\tat o.j.j.e.e.InvocationInterceptorChain.chainAndInvoke(InvocationInterceptorChain.java:45)\r\n\tat o.j.j.e.e.InvocationInterceptorChain.invoke(InvocationInterceptorChain.java:37)\r\n\tat o.j.j.e.e.InterceptingExecutableInvoker.invoke(InterceptingExecutableInvoker.java:93)\r\n\tat o.j.j.e.e.InterceptingExecutableInvoker.invoke(InterceptingExecutableInvoker.java:87)\r\n\tat o.j.j.e.d.TestMethodTestDescriptor.lambda$invokeTestMethod$7(TestMethodTestDescriptor.java:216)\r\n\tat o.j.p.e.s.h.ThrowableCollector.execute(ThrowableCollector.java:73)\r\n\tat o.j.j.e.d.TestMethodTestDescriptor.invokeTestMethod(TestMethodTestDescriptor.java:212)\r\n\tat o.j.j.e.d.TestMethodTestDescriptor.execute(TestMethodTestDescriptor.java:137)\r\n\tat o.j.j.e.d.TestMethodTestDescriptor.execute(TestMethodTestDescriptor.java:69)\r\n\tat o.j.p.e.s.hierarchical.NodeTestTask.lambda$executeRecursively$6(NodeTestTask.java:156)\r\n\tat o.j.p.e.s.h.ThrowableCollector.execute(ThrowableCollector.java:73)\r\n\tat o.j.p.e.s.hierarchical.NodeTestTask.lambda$executeRecursively$8(NodeTestTask.java:146)\r\n\tat o.j.p.e.support.hierarchical.Node.around(Node.java:137)\r\n\tat o.j.p.e.s.hierarchical.NodeTestTask.lambda$executeRecursively$9(NodeTestTask.java:144)\r\n\tat o.j.p.e.s.h.ThrowableCollector.execute(ThrowableCollector.java:73)\r\n\tat o.j.p.e.s.hierarchical.NodeTestTask.executeRecursively(NodeTestTask.java:143)\r\n\tat o.j.p.e.s.hierarchical.NodeTestTask.execute(NodeTestTask.java:100)\r\n\tat java.util.ArrayList.forEach(ArrayList.java:1596)\r\n\tat o.j.p.e.s.h.SameThreadHierarchicalTestExecutorService.invokeAll(SameThreadHierarchicalTestExecutorService.java:41)\r\n\tat o.j.p.e.s.hierarchical.NodeTestTask.lambda$executeRecursively$6(NodeTestTask.java:160)\r\n\tat o.j.p.e.s.h.ThrowableCollector.execute(ThrowableCollector.java:73)\r\n\tat o.j.p.e.s.hierarchical.NodeTestTask.lambda$executeRecursively$8(NodeTestTask.java:146)\r\n\tat o.j.p.e.support.hierarchical.Node.around(Node.java:137)\r\n\tat o.j.p.e.s.hierarchical.NodeTestTask.lambda$executeRecursively$9(NodeTestTask.java:144)\r\n\tat o.j.p.e.s.h.ThrowableCollector.execute(ThrowableCollector.java:73)\r\n\tat o.j.p.e.s.hierarchical.NodeTestTask.executeRecursively(NodeTestTask.java:143)\r\n\tat o.j.p.e.s.hierarchical.NodeTestTask.execute(NodeTestTask.java:100)\r\n\tat java.util.ArrayList.forEach(ArrayList.java:1596)\r\n\tat o.j.p.e.s.h.SameThreadHierarchicalTestExecutorService.invokeAll(SameThreadHierarchicalTestExecutorService.java:41)\r\n\tat o.j.p.e.s.hierarchical.NodeTestTask.lambda$executeRecursively$6(NodeTestTask.java:160)\r\n\tat o.j.p.e.s.h.ThrowableCollector.execute(ThrowableCollector.java:73)\r\n\tat o.j.p.e.s.hierarchical.NodeTestTask.lambda$executeRecursively$8(NodeTestTask.java:146)\r\n\tat o.j.p.e.support.hierarchical.Node.around(Node.java:137)\r\n\tat o.j.p.e.s.hierarchical.NodeTestTask.lambda$executeRecursively$9(NodeTestTask.java:144)\r\n\tat o.j.p.e.s.h.ThrowableCollector.execute(ThrowableCollector.java:73)\r\n\tat o.j.p.e.s.hierarchical.NodeTestTask.executeRecursively(NodeTestTask.java:143)\r\n\tat o.j.p.e.s.hierarchical.NodeTestTask.execute(NodeTestTask.java:100)\r\n\tat java.util.ArrayList.forEach(ArrayList.java:1596)\r\n\tat o.j.p.e.s.h.SameThreadHierarchicalTestExecutorService.invokeAll(SameThreadHierarchicalTestExecutorService.java:41)\r\n\tat o.j.p.e.s.hierarchical.NodeTestTask.lambda$executeRecursively$6(NodeTestTask.java:160)\r\n\tat o.j.p.e.s.h.ThrowableCollector.execute(ThrowableCollector.java:73)\r\n\tat o.j.p.e.s.hierarchical.NodeTestTask.lambda$executeRecursively$8(NodeTestTask.java:146)\r\n\tat o.j.p.e.support.hierarchical.Node.around(Node.java:137)\r\n\tat o.j.p.e.s.hierarchical.NodeTestTask.lambda$executeRecursively$9(NodeTestTask.java:144)\r\n\tat o.j.p.e.s.h.ThrowableCollector.execute(ThrowableCollector.java:73)\r\n\tat o.j.p.e.s.hierarchical.NodeTestTask.executeRecursively(NodeTestTask.java:143)\r\n\tat o.j.p.e.s.hierarchical.NodeTestTask.execute(NodeTestTask.java:100)\r\n\tat o.j.p.e.s.h.SameThreadHierarchicalTestExecutorService.submit(SameThreadHierarchicalTestExecutorService.java:35)\r\n\tat o.j.p.e.s.h.HierarchicalTestExecutor.execute(HierarchicalTestExecutor.java:57)\r\n\tat o.j.p.e.s.h.HierarchicalTestEngine.execute(HierarchicalTestEngine.java:54)\r\n\tat o.j.p.l.c.EngineExecutionOrchestrator.execute(EngineExecutionOrchestrator.java:201)\r\n\tat o.j.p.l.c.EngineExecutionOrchestrator.execute(EngineExecutionOrchestrator.java:170)\r\n\tat o.j.p.l.c.EngineExecutionOrchestrator.execute(EngineExecutionOrchestrator.java:94)\r\n\tat o.j.p.l.c.EngineExecutionOrchestrator.lambda$execute$0(EngineExecutionOrchestrator.java:59)\r\n\tat o.j.p.l.c.EngineExecutionOrchestrator.withInterceptedStreams(EngineExecutionOrchestrator.java:142)\r\n\tat o.j.p.l.c.EngineExecutionOrchestrator.execute(EngineExecutionOrchestrator.java:58)\r\n\tat o.j.p.launcher.core.DefaultLauncher.execute(DefaultLauncher.java:103)\r\n\tat o.j.p.launcher.core.DefaultLauncher.execute(DefaultLauncher.java:85)\r\n\tat o.j.p.l.core.DelegatingLauncher.execute(DelegatingLauncher.java:47)\r\n\tat o.j.p.l.core.InterceptingLauncher.lambda$execute$1(InterceptingLauncher.java:39)\r\n\tat o.j.p.l.c.ClasspathAlignmentCheckingLauncherInterceptor.intercept(ClasspathAlignmentCheckingLauncherInterceptor.java:25)\r\n\tat o.j.p.l.core.InterceptingLauncher.execute(InterceptingLauncher.java:38)\r\n\tat o.j.p.l.core.DelegatingLauncher.execute(DelegatingLauncher.java:47)\r\n\tat o.a.m.s.j.LauncherAdapter.executeWithoutCancellationToken(LauncherAdapter.java:60)\r\n\tat o.a.m.s.j.LauncherAdapter.execute(LauncherAdapter.java:52)\r\n\tat o.a.m.s.j.JUnitPlatformProvider.execute(JUnitPlatformProvider.java:203)\r\n\tat o.a.m.s.j.JUnitPlatformProvider.invokeAllTests(JUnitPlatformProvider.java:168)\r\n\tat o.a.m.s.j.JUnitPlatformProvider.invoke(JUnitPlatformProvider.java:136)\r\n\tat o.a.m.surefire.booter.ForkedBooter.runSuitesInProcess(ForkedBooter.java:385)\r\n\tat o.a.m.surefire.booter.ForkedBooter.execute(ForkedBooter.java:162)\r\n\tat o.a.m.surefire.booter.ForkedBooter.run(ForkedBooter.java:507)\r\n\tat o.a.m.surefire.booter.ForkedBooter.main(ForkedBooter.java:495)\r\n","appName":"account-posting","traceId":"723962510fda4d59","app":"account-posting"}
]]></system-out>
  </testcase>
  <testcase name="returns500_whenServiceThrows" classname="com.accountposting.controller.AccountPostingLegControllerTest$GetLeg" time="0.014">
    <system-out><![CDATA[{"timestamp":"2026-03-22T06:05:19.1751086Z","@version":"1","message":"Could not detect default configuration classes for test class [com.accountposting.controller.AccountPostingLegControllerTest$GetLeg]: GetLeg does not declare any static, non-private, non-final, nested classes annotated with @Configuration.","logger":"org.springframework.test.context.support.AnnotationConfigContextLoaderUtils","thread":"main","level":"INFO","level_value":20000,"appName":"account-posting","app":"account-posting"}
{"timestamp":"2026-03-22T06:05:19.1864139Z","@version":"1","message":"Found @SpringBootConfiguration com.accountposting.AccountPostingApplication for test class com.accountposting.controller.AccountPostingLegControllerTest$GetLeg","logger":"org.springframework.boot.test.context.SpringBootTestContextBootstrapper","thread":"main","level":"INFO","level_value":20000,"appName":"account-posting","app":"account-posting"}
{"timestamp":"2026-03-22T06:05:19.1974738Z","@version":"1","message":"Unexpected error","logger":"com.accountposting.exception.GlobalExceptionHandler","thread":"main","level":"ERROR","level_value":40000,"stack_trace":"java.lang.RuntimeException: Unexpected\r\n\tat c.a.c.AccountPostingLegController.getLeg(AccountPostingLegController.java:41)\r\n\tat j.i.r.DirectMethodHandleAccessor.invoke(DirectMethodHandleAccessor.java:103)\r\n\tat java.lang.reflect.Method.invoke(Method.java:580)\r\n\tat o.s.w.m.s.InvocableHandlerMethod.doInvoke(InvocableHandlerMethod.java:258)\r\n\tat o.s.w.m.s.InvocableHandlerMethod.invokeForRequest(InvocableHandlerMethod.java:191)\r\n\tat o.s.w.s.m.m.a.ServletInvocableHandlerMethod.invokeAndHandle(ServletInvocableHandlerMethod.java:118)\r\n\tat o.s.w.s.m.m.a.RequestMappingHandlerAdapter.invokeHandlerMethod(RequestMappingHandlerAdapter.java:991)\r\n\tat o.s.w.s.m.m.a.RequestMappingHandlerAdapter.handleInternal(RequestMappingHandlerAdapter.java:896)\r\n\tat o.s.w.s.m.m.AbstractHandlerMethodAdapter.handle(AbstractHandlerMethodAdapter.java:87)\r\n\tat o.s.web.servlet.DispatcherServlet.doDispatch(DispatcherServlet.java:1089)\r\n\tat o.s.web.servlet.DispatcherServlet.doService(DispatcherServlet.java:979)\r\n\tat o.s.web.servlet.FrameworkServlet.processRequest(FrameworkServlet.java:1014)\r\n\tat o.s.web.servlet.FrameworkServlet.doGet(FrameworkServlet.java:903)\r\n\tat jakarta.servlet.http.HttpServlet.service(HttpServlet.java:564)\r\n\tat o.s.web.servlet.FrameworkServlet.service(FrameworkServlet.java:885)\r\n\tat o.s.t.w.s.TestDispatcherServlet.service(TestDispatcherServlet.java:72)\r\n\tat jakarta.servlet.http.HttpServlet.service(HttpServlet.java:658)\r\n\tat o.s.m.w.MockFilterChain$ServletFilterProxy.doFilter(MockFilterChain.java:165)\r\n\tat o.s.mock.web.MockFilterChain.doFilter(MockFilterChain.java:132)\r\n\tat c.a.config.MdcLoggingFilter.doFilterInternal(MdcLoggingFilter.java:44)\r\n\tat o.s.web.filter.OncePerRequestFilter.doFilter(OncePerRequestFilter.java:116)\r\n\tat o.s.t.w.s.s.MockMvcFilterDecorator.doFilter(MockMvcFilterDecorator.java:162)\r\n\tat o.s.mock.web.MockFilterChain.doFilter(MockFilterChain.java:132)\r\n\tat o.s.web.filter.RequestContextFilter.doFilterInternal(RequestContextFilter.java:100)\r\n\tat o.s.web.filter.OncePerRequestFilter.doFilter(OncePerRequestFilter.java:116)\r\n\tat o.s.t.w.s.s.MockMvcFilterDecorator.doFilter(MockMvcFilterDecorator.java:162)\r\n\tat o.s.mock.web.MockFilterChain.doFilter(MockFilterChain.java:132)\r\n\tat o.s.web.filter.FormContentFilter.doFilterInternal(FormContentFilter.java:93)\r\n\tat o.s.web.filter.OncePerRequestFilter.doFilter(OncePerRequestFilter.java:116)\r\n\tat o.s.t.w.s.s.MockMvcFilterDecorator.doFilter(MockMvcFilterDecorator.java:162)\r\n\tat o.s.mock.web.MockFilterChain.doFilter(MockFilterChain.java:132)\r\n\tat o.s.w.filter.CharacterEncodingFilter.doFilterInternal(CharacterEncodingFilter.java:201)\r\n\tat o.s.web.filter.OncePerRequestFilter.doFilter(OncePerRequestFilter.java:116)\r\n\tat o.s.t.w.s.s.MockMvcFilterDecorator.doFilter(MockMvcFilterDecorator.java:162)\r\n\tat o.s.mock.web.MockFilterChain.doFilter(MockFilterChain.java:132)\r\n\tat o.s.test.web.servlet.MockMvc.perform(MockMvc.java:201)\r\n\tat c.a.c.AccountPostingLegControllerTest$GetLeg.returns500_whenServiceThrows(AccountPostingLegControllerTest.java:218)\r\n\tat j.i.r.DirectMethodHandleAccessor.invoke(DirectMethodHandleAccessor.java:103)\r\n\tat java.lang.reflect.Method.invoke(Method.java:580)\r\n\tat o.j.p.commons.util.ReflectionUtils.invokeMethod(ReflectionUtils.java:775)\r\n\tat o.j.p.c.support.ReflectionSupport.invokeMethod(ReflectionSupport.java:479)\r\n\tat o.j.j.e.execution.MethodInvocation.proceed(MethodInvocation.java:60)\r\n\tat o.j.j.e.e.InvocationInterceptorChain$ValidatingInvocation.proceed(InvocationInterceptorChain.java:131)\r\n\tat o.j.j.e.extension.TimeoutExtension.intercept(TimeoutExtension.java:161)\r\n\tat o.j.j.e.extension.TimeoutExtension.interceptTestableMethod(TimeoutExtension.java:152)\r\n\tat o.j.j.e.extension.TimeoutExtension.interceptTestMethod(TimeoutExtension.java:91)\r\n\tat o.j.j.e.e.InterceptingExecutableInvoker$ReflectiveInterceptorCall.lambda$ofVoidMethod$0(InterceptingExecutableInvoker.java:112)\r\n\tat o.j.j.e.e.InterceptingExecutableInvoker.lambda$invoke$0(InterceptingExecutableInvoker.java:94)\r\n\tat o.j.j.e.e.InvocationInterceptorChain$InterceptedInvocation.proceed(InvocationInterceptorChain.java:106)\r\n\tat o.j.j.e.e.InvocationInterceptorChain.proceed(InvocationInterceptorChain.java:64)\r\n\tat o.j.j.e.e.InvocationInterceptorChain.chainAndInvoke(InvocationInterceptorChain.java:45)\r\n\tat o.j.j.e.e.InvocationInterceptorChain.invoke(InvocationInterceptorChain.java:37)\r\n\tat o.j.j.e.e.InterceptingExecutableInvoker.invoke(InterceptingExecutableInvoker.java:93)\r\n\tat o.j.j.e.e.InterceptingExecutableInvoker.invoke(InterceptingExecutableInvoker.java:87)\r\n\tat o.j.j.e.d.TestMethodTestDescriptor.lambda$invokeTestMethod$7(TestMethodTestDescriptor.java:216)\r\n\tat o.j.p.e.s.h.ThrowableCollector.execute(ThrowableCollector.java:73)\r\n\tat o.j.j.e.d.TestMethodTestDescriptor.invokeTestMethod(TestMethodTestDescriptor.java:212)\r\n\tat o.j.j.e.d.TestMethodTestDescriptor.execute(TestMethodTestDescriptor.java:137)\r\n\tat o.j.j.e.d.TestMethodTestDescriptor.execute(TestMethodTestDescriptor.java:69)\r\n\tat o.j.p.e.s.hierarchical.NodeTestTask.lambda$executeRecursively$6(NodeTestTask.java:156)\r\n\tat o.j.p.e.s.h.ThrowableCollector.execute(ThrowableCollector.java:73)\r\n\tat o.j.p.e.s.hierarchical.NodeTestTask.lambda$executeRecursively$8(NodeTestTask.java:146)\r\n\tat o.j.p.e.support.hierarchical.Node.around(Node.java:137)\r\n\tat o.j.p.e.s.hierarchical.NodeTestTask.lambda$executeRecursively$9(NodeTestTask.java:144)\r\n\tat o.j.p.e.s.h.ThrowableCollector.execute(ThrowableCollector.java:73)\r\n\tat o.j.p.e.s.hierarchical.NodeTestTask.executeRecursively(NodeTestTask.java:143)\r\n\tat o.j.p.e.s.hierarchical.NodeTestTask.execute(NodeTestTask.java:100)\r\n\tat java.util.ArrayList.forEach(ArrayList.java:1596)\r\n\tat o.j.p.e.s.h.SameThreadHierarchicalTestExecutorService.invokeAll(SameThreadHierarchicalTestExecutorService.java:41)\r\n\tat o.j.p.e.s.hierarchical.NodeTestTask.lambda$executeRecursively$6(NodeTestTask.java:160)\r\n\tat o.j.p.e.s.h.ThrowableCollector.execute(ThrowableCollector.java:73)\r\n\tat o.j.p.e.s.hierarchical.NodeTestTask.lambda$executeRecursively$8(NodeTestTask.java:146)\r\n\tat o.j.p.e.support.hierarchical.Node.around(Node.java:137)\r\n\tat o.j.p.e.s.hierarchical.NodeTestTask.lambda$executeRecursively$9(NodeTestTask.java:144)\r\n\tat o.j.p.e.s.h.ThrowableCollector.execute(ThrowableCollector.java:73)\r\n\tat o.j.p.e.s.hierarchical.NodeTestTask.executeRecursively(NodeTestTask.java:143)\r\n\tat o.j.p.e.s.hierarchical.NodeTestTask.execute(NodeTestTask.java:100)\r\n\tat java.util.ArrayList.forEach(ArrayList.java:1596)\r\n\tat o.j.p.e.s.h.SameThreadHierarchicalTestExecutorService.invokeAll(SameThreadHierarchicalTestExecutorService.java:41)\r\n\tat o.j.p.e.s.hierarchical.NodeTestTask.lambda$executeRecursively$6(NodeTestTask.java:160)\r\n\tat o.j.p.e.s.h.ThrowableCollector.execute(ThrowableCollector.java:73)\r\n\tat o.j.p.e.s.hierarchical.NodeTestTask.lambda$executeRecursively$8(NodeTestTask.java:146)\r\n\tat o.j.p.e.support.hierarchical.Node.around(Node.java:137)\r\n\tat o.j.p.e.s.hierarchical.NodeTestTask.lambda$executeRecursively$9(NodeTestTask.java:144)\r\n\tat o.j.p.e.s.h.ThrowableCollector.execute(ThrowableCollector.java:73)\r\n\tat o.j.p.e.s.hierarchical.NodeTestTask.executeRecursively(NodeTestTask.java:143)\r\n\tat o.j.p.e.s.hierarchical.NodeTestTask.execute(NodeTestTask.java:100)\r\n\tat java.util.ArrayList.forEach(ArrayList.java:1596)\r\n\tat o.j.p.e.s.h.SameThreadHierarchicalTestExecutorService.invokeAll(SameThreadHierarchicalTestExecutorService.java:41)\r\n\tat o.j.p.e.s.hierarchical.NodeTestTask.lambda$executeRecursively$6(NodeTestTask.java:160)\r\n\tat o.j.p.e.s.h.ThrowableCollector.execute(ThrowableCollector.java:73)\r\n\tat o.j.p.e.s.hierarchical.NodeTestTask.lambda$executeRecursively$8(NodeTestTask.java:146)\r\n\tat o.j.p.e.support.hierarchical.Node.around(Node.java:137)\r\n\tat o.j.p.e.s.hierarchical.NodeTestTask.lambda$executeRecursively$9(NodeTestTask.java:144)\r\n\tat o.j.p.e.s.h.ThrowableCollector.execute(ThrowableCollector.java:73)\r\n\tat o.j.p.e.s.hierarchical.NodeTestTask.executeRecursively(NodeTestTask.java:143)\r\n\tat o.j.p.e.s.hierarchical.NodeTestTask.execute(NodeTestTask.java:100)\r\n\tat o.j.p.e.s.h.SameThreadHierarchicalTestExecutorService.submit(SameThreadHierarchicalTestExecutorService.java:35)\r\n\tat o.j.p.e.s.h.HierarchicalTestExecutor.execute(HierarchicalTestExecutor.java:57)\r\n\tat o.j.p.e.s.h.HierarchicalTestEngine.execute(HierarchicalTestEngine.java:54)\r\n\tat o.j.p.l.c.EngineExecutionOrchestrator.execute(EngineExecutionOrchestrator.java:201)\r\n\tat o.j.p.l.c.EngineExecutionOrchestrator.execute(EngineExecutionOrchestrator.java:170)\r\n\tat o.j.p.l.c.EngineExecutionOrchestrator.execute(EngineExecutionOrchestrator.java:94)\r\n\tat o.j.p.l.c.EngineExecutionOrchestrator.lambda$execute$0(EngineExecutionOrchestrator.java:59)\r\n\tat o.j.p.l.c.EngineExecutionOrchestrator.withInterceptedStreams(EngineExecutionOrchestrator.java:142)\r\n\tat o.j.p.l.c.EngineExecutionOrchestrator.execute(EngineExecutionOrchestrator.java:58)\r\n\tat o.j.p.launcher.core.DefaultLauncher.execute(DefaultLauncher.java:103)\r\n\tat o.j.p.launcher.core.DefaultLauncher.execute(DefaultLauncher.java:85)\r\n\tat o.j.p.l.core.DelegatingLauncher.execute(DelegatingLauncher.java:47)\r\n\tat o.j.p.l.core.InterceptingLauncher.lambda$execute$1(InterceptingLauncher.java:39)\r\n\tat o.j.p.l.c.ClasspathAlignmentCheckingLauncherInterceptor.intercept(ClasspathAlignmentCheckingLauncherInterceptor.java:25)\r\n\tat o.j.p.l.core.InterceptingLauncher.execute(InterceptingLauncher.java:38)\r\n\tat o.j.p.l.core.DelegatingLauncher.execute(DelegatingLauncher.java:47)\r\n\tat o.a.m.s.j.LauncherAdapter.executeWithoutCancellationToken(LauncherAdapter.java:60)\r\n\tat o.a.m.s.j.LauncherAdapter.execute(LauncherAdapter.java:52)\r\n\tat o.a.m.s.j.JUnitPlatformProvider.execute(JUnitPlatformProvider.java:203)\r\n\tat o.a.m.s.j.JUnitPlatformProvider.invokeAllTests(JUnitPlatformProvider.java:168)\r\n\tat o.a.m.s.j.JUnitPlatformProvider.invoke(JUnitPlatformProvider.java:136)\r\n\tat o.a.m.surefire.booter.ForkedBooter.runSuitesInProcess(ForkedBooter.java:385)\r\n\tat o.a.m.surefire.booter.ForkedBooter.execute(ForkedBooter.java:162)\r\n\tat o.a.m.surefire.booter.ForkedBooter.run(ForkedBooter.java:507)\r\n\tat o.a.m.surefire.booter.ForkedBooter.main(ForkedBooter.java:495)\r\n","appName":"account-posting","traceId":"d534e73e62424b06","app":"account-posting"}
]]></system-out>
  </testcase>
  <testcase name="returns500_whenServiceThrows" classname="com.accountposting.controller.AccountPostingLegControllerTest$ListLegs" time="0.015">
    <system-out><![CDATA[{"timestamp":"2026-03-22T06:05:19.2418095Z","@version":"1","message":"Could not detect default configuration classes for test class [com.accountposting.controller.AccountPostingLegControllerTest$ListLegs]: ListLegs does not declare any static, non-private, non-final, nested classes annotated with @Configuration.","logger":"org.springframework.test.context.support.AnnotationConfigContextLoaderUtils","thread":"main","level":"INFO","level_value":20000,"appName":"account-posting","app":"account-posting"}
{"timestamp":"2026-03-22T06:05:19.2795819Z","@version":"1","message":"Found @SpringBootConfiguration com.accountposting.AccountPostingApplication for test class com.accountposting.controller.AccountPostingLegControllerTest$ListLegs","logger":"org.springframework.boot.test.context.SpringBootTestContextBootstrapper","thread":"main","level":"INFO","level_value":20000,"appName":"account-posting","app":"account-posting"}
{"timestamp":"2026-03-22T06:05:19.2937595Z","@version":"1","message":"Unexpected error","logger":"com.accountposting.exception.GlobalExceptionHandler","thread":"main","level":"ERROR","level_value":40000,"stack_trace":"java.lang.RuntimeException: Unexpected\r\n\tat c.a.c.AccountPostingLegController.listLegs(AccountPostingLegController.java:34)\r\n\tat j.i.r.DirectMethodHandleAccessor.invoke(DirectMethodHandleAccessor.java:103)\r\n\tat java.lang.reflect.Method.invoke(Method.java:580)\r\n\tat o.s.w.m.s.InvocableHandlerMethod.doInvoke(InvocableHandlerMethod.java:258)\r\n\tat o.s.w.m.s.InvocableHandlerMethod.invokeForRequest(InvocableHandlerMethod.java:191)\r\n\tat o.s.w.s.m.m.a.ServletInvocableHandlerMethod.invokeAndHandle(ServletInvocableHandlerMethod.java:118)\r\n\tat o.s.w.s.m.m.a.RequestMappingHandlerAdapter.invokeHandlerMethod(RequestMappingHandlerAdapter.java:991)\r\n\tat o.s.w.s.m.m.a.RequestMappingHandlerAdapter.handleInternal(RequestMappingHandlerAdapter.java:896)\r\n\tat o.s.w.s.m.m.AbstractHandlerMethodAdapter.handle(AbstractHandlerMethodAdapter.java:87)\r\n\tat o.s.web.servlet.DispatcherServlet.doDispatch(DispatcherServlet.java:1089)\r\n\tat o.s.web.servlet.DispatcherServlet.doService(DispatcherServlet.java:979)\r\n\tat o.s.web.servlet.FrameworkServlet.processRequest(FrameworkServlet.java:1014)\r\n\tat o.s.web.servlet.FrameworkServlet.doGet(FrameworkServlet.java:903)\r\n\tat jakarta.servlet.http.HttpServlet.service(HttpServlet.java:564)\r\n\tat o.s.web.servlet.FrameworkServlet.service(FrameworkServlet.java:885)\r\n\tat o.s.t.w.s.TestDispatcherServlet.service(TestDispatcherServlet.java:72)\r\n\tat jakarta.servlet.http.HttpServlet.service(HttpServlet.java:658)\r\n\tat o.s.m.w.MockFilterChain$ServletFilterProxy.doFilter(MockFilterChain.java:165)\r\n\tat o.s.mock.web.MockFilterChain.doFilter(MockFilterChain.java:132)\r\n\tat c.a.config.MdcLoggingFilter.doFilterInternal(MdcLoggingFilter.java:44)\r\n\tat o.s.web.filter.OncePerRequestFilter.doFilter(OncePerRequestFilter.java:116)\r\n\tat o.s.t.w.s.s.MockMvcFilterDecorator.doFilter(MockMvcFilterDecorator.java:162)\r\n\tat o.s.mock.web.MockFilterChain.doFilter(MockFilterChain.java:132)\r\n\tat o.s.web.filter.RequestContextFilter.doFilterInternal(RequestContextFilter.java:100)\r\n\tat o.s.web.filter.OncePerRequestFilter.doFilter(OncePerRequestFilter.java:116)\r\n\tat o.s.t.w.s.s.MockMvcFilterDecorator.doFilter(MockMvcFilterDecorator.java:162)\r\n\tat o.s.mock.web.MockFilterChain.doFilter(MockFilterChain.java:132)\r\n\tat o.s.web.filter.FormContentFilter.doFilterInternal(FormContentFilter.java:93)\r\n\tat o.s.web.filter.OncePerRequestFilter.doFilter(OncePerRequestFilter.java:116)\r\n\tat o.s.t.w.s.s.MockMvcFilterDecorator.doFilter(MockMvcFilterDecorator.java:162)\r\n\tat o.s.mock.web.MockFilterChain.doFilter(MockFilterChain.java:132)\r\n\tat o.s.w.filter.CharacterEncodingFilter.doFilterInternal(CharacterEncodingFilter.java:201)\r\n\tat o.s.web.filter.OncePerRequestFilter.doFilter(OncePerRequestFilter.java:116)\r\n\tat o.s.t.w.s.s.MockMvcFilterDecorator.doFilter(MockMvcFilterDecorator.java:162)\r\n\tat o.s.mock.web.MockFilterChain.doFilter(MockFilterChain.java:132)\r\n\tat o.s.test.web.servlet.MockMvc.perform(MockMvc.java:201)\r\n\tat c.a.c.AccountPostingLegControllerTest$ListLegs.returns500_whenServiceThrows(AccountPostingLegControllerTest.java:181)\r\n\tat j.i.r.DirectMethodHandleAccessor.invoke(DirectMethodHandleAccessor.java:103)\r\n\tat java.lang.reflect.Method.invoke(Method.java:580)\r\n\tat o.j.p.commons.util.ReflectionUtils.invokeMethod(ReflectionUtils.java:775)\r\n\tat o.j.p.c.support.ReflectionSupport.invokeMethod(ReflectionSupport.java:479)\r\n\tat o.j.j.e.execution.MethodInvocation.proceed(MethodInvocation.java:60)\r\n\tat o.j.j.e.e.InvocationInterceptorChain$ValidatingInvocation.proceed(InvocationInterceptorChain.java:131)\r\n\tat o.j.j.e.extension.TimeoutExtension.intercept(TimeoutExtension.java:161)\r\n\tat o.j.j.e.extension.TimeoutExtension.interceptTestableMethod(TimeoutExtension.java:152)\r\n\tat o.j.j.e.extension.TimeoutExtension.interceptTestMethod(TimeoutExtension.java:91)\r\n\tat o.j.j.e.e.InterceptingExecutableInvoker$ReflectiveInterceptorCall.lambda$ofVoidMethod$0(InterceptingExecutableInvoker.java:112)\r\n\tat o.j.j.e.e.InterceptingExecutableInvoker.lambda$invoke$0(InterceptingExecutableInvoker.java:94)\r\n\tat o.j.j.e.e.InvocationInterceptorChain$InterceptedInvocation.proceed(InvocationInterceptorChain.java:106)\r\n\tat o.j.j.e.e.InvocationInterceptorChain.proceed(InvocationInterceptorChain.java:64)\r\n\tat o.j.j.e.e.InvocationInterceptorChain.chainAndInvoke(InvocationInterceptorChain.java:45)\r\n\tat o.j.j.e.e.InvocationInterceptorChain.invoke(InvocationInterceptorChain.java:37)\r\n\tat o.j.j.e.e.InterceptingExecutableInvoker.invoke(InterceptingExecutableInvoker.java:93)\r\n\tat o.j.j.e.e.InterceptingExecutableInvoker.invoke(InterceptingExecutableInvoker.java:87)\r\n\tat o.j.j.e.d.TestMethodTestDescriptor.lambda$invokeTestMethod$7(TestMethodTestDescriptor.java:216)\r\n\tat o.j.p.e.s.h.ThrowableCollector.execute(ThrowableCollector.java:73)\r\n\tat o.j.j.e.d.TestMethodTestDescriptor.invokeTestMethod(TestMethodTestDescriptor.java:212)\r\n\tat o.j.j.e.d.TestMethodTestDescriptor.execute(TestMethodTestDescriptor.java:137)\r\n\tat o.j.j.e.d.TestMethodTestDescriptor.execute(TestMethodTestDescriptor.java:69)\r\n\tat o.j.p.e.s.hierarchical.NodeTestTask.lambda$executeRecursively$6(NodeTestTask.java:156)\r\n\tat o.j.p.e.s.h.ThrowableCollector.execute(ThrowableCollector.java:73)\r\n\tat o.j.p.e.s.hierarchical.NodeTestTask.lambda$executeRecursively$8(NodeTestTask.java:146)\r\n\tat o.j.p.e.support.hierarchical.Node.around(Node.java:137)\r\n\tat o.j.p.e.s.hierarchical.NodeTestTask.lambda$executeRecursively$9(NodeTestTask.java:144)\r\n\tat o.j.p.e.s.h.ThrowableCollector.execute(ThrowableCollector.java:73)\r\n\tat o.j.p.e.s.hierarchical.NodeTestTask.executeRecursively(NodeTestTask.java:143)\r\n\tat o.j.p.e.s.hierarchical.NodeTestTask.execute(NodeTestTask.java:100)\r\n\tat java.util.ArrayList.forEach(ArrayList.java:1596)\r\n\tat o.j.p.e.s.h.SameThreadHierarchicalTestExecutorService.invokeAll(SameThreadHierarchicalTestExecutorService.java:41)\r\n\tat o.j.p.e.s.hierarchical.NodeTestTask.lambda$executeRecursively$6(NodeTestTask.java:160)\r\n\tat o.j.p.e.s.h.ThrowableCollector.execute(ThrowableCollector.java:73)\r\n\tat o.j.p.e.s.hierarchical.NodeTestTask.lambda$executeRecursively$8(NodeTestTask.java:146)\r\n\tat o.j.p.e.support.hierarchical.Node.around(Node.java:137)\r\n\tat o.j.p.e.s.hierarchical.NodeTestTask.lambda$executeRecursively$9(NodeTestTask.java:144)\r\n\tat o.j.p.e.s.h.ThrowableCollector.execute(ThrowableCollector.java:73)\r\n\tat o.j.p.e.s.hierarchical.NodeTestTask.executeRecursively(NodeTestTask.java:143)\r\n\tat o.j.p.e.s.hierarchical.NodeTestTask.execute(NodeTestTask.java:100)\r\n\tat java.util.ArrayList.forEach(ArrayList.java:1596)\r\n\tat o.j.p.e.s.h.SameThreadHierarchicalTestExecutorService.invokeAll(SameThreadHierarchicalTestExecutorService.java:41)\r\n\tat o.j.p.e.s.hierarchical.NodeTestTask.lambda$executeRecursively$6(NodeTestTask.java:160)\r\n\tat o.j.p.e.s.h.ThrowableCollector.execute(ThrowableCollector.java:73)\r\n\tat o.j.p.e.s.hierarchical.NodeTestTask.lambda$executeRecursively$8(NodeTestTask.java:146)\r\n\tat o.j.p.e.support.hierarchical.Node.around(Node.java:137)\r\n\tat o.j.p.e.s.hierarchical.NodeTestTask.lambda$executeRecursively$9(NodeTestTask.java:144)\r\n\tat o.j.p.e.s.h.ThrowableCollector.execute(ThrowableCollector.java:73)\r\n\tat o.j.p.e.s.hierarchical.NodeTestTask.executeRecursively(NodeTestTask.java:143)\r\n\tat o.j.p.e.s.hierarchical.NodeTestTask.execute(NodeTestTask.java:100)\r\n\tat java.util.ArrayList.forEach(ArrayList.java:1596)\r\n\tat o.j.p.e.s.h.SameThreadHierarchicalTestExecutorService.invokeAll(SameThreadHierarchicalTestExecutorService.java:41)\r\n\tat o.j.p.e.s.hierarchical.NodeTestTask.lambda$executeRecursively$6(NodeTestTask.java:160)\r\n\tat o.j.p.e.s.h.ThrowableCollector.execute(ThrowableCollector.java:73)\r\n\tat o.j.p.e.s.hierarchical.NodeTestTask.lambda$executeRecursively$8(NodeTestTask.java:146)\r\n\tat o.j.p.e.support.hierarchical.Node.around(Node.java:137)\r\n\tat o.j.p.e.s.hierarchical.NodeTestTask.lambda$executeRecursively$9(NodeTestTask.java:144)\r\n\tat o.j.p.e.s.h.ThrowableCollector.execute(ThrowableCollector.java:73)\r\n\tat o.j.p.e.s.hierarchical.NodeTestTask.executeRecursively(NodeTestTask.java:143)\r\n\tat o.j.p.e.s.hierarchical.NodeTestTask.execute(NodeTestTask.java:100)\r\n\tat o.j.p.e.s.h.SameThreadHierarchicalTestExecutorService.submit(SameThreadHierarchicalTestExecutorService.java:35)\r\n\tat o.j.p.e.s.h.HierarchicalTestExecutor.execute(HierarchicalTestExecutor.java:57)\r\n\tat o.j.p.e.s.h.HierarchicalTestEngine.execute(HierarchicalTestEngine.java:54)\r\n\tat o.j.p.l.c.EngineExecutionOrchestrator.execute(EngineExecutionOrchestrator.java:201)\r\n\tat o.j.p.l.c.EngineExecutionOrchestrator.execute(EngineExecutionOrchestrator.java:170)\r\n\tat o.j.p.l.c.EngineExecutionOrchestrator.execute(EngineExecutionOrchestrator.java:94)\r\n\tat o.j.p.l.c.EngineExecutionOrchestrator.lambda$execute$0(EngineExecutionOrchestrator.java:59)\r\n\tat o.j.p.l.c.EngineExecutionOrchestrator.withInterceptedStreams(EngineExecutionOrchestrator.java:142)\r\n\tat o.j.p.l.c.EngineExecutionOrchestrator.execute(EngineExecutionOrchestrator.java:58)\r\n\tat o.j.p.launcher.core.DefaultLauncher.execute(DefaultLauncher.java:103)\r\n\tat o.j.p.launcher.core.DefaultLauncher.execute(DefaultLauncher.java:85)\r\n\tat o.j.p.l.core.DelegatingLauncher.execute(DelegatingLauncher.java:47)\r\n\tat o.j.p.l.core.InterceptingLauncher.lambda$execute$1(InterceptingLauncher.java:39)\r\n\tat o.j.p.l.c.ClasspathAlignmentCheckingLauncherInterceptor.intercept(ClasspathAlignmentCheckingLauncherInterceptor.java:25)\r\n\tat o.j.p.l.core.InterceptingLauncher.execute(InterceptingLauncher.java:38)\r\n\tat o.j.p.l.core.DelegatingLauncher.execute(DelegatingLauncher.java:47)\r\n\tat o.a.m.s.j.LauncherAdapter.executeWithoutCancellationToken(LauncherAdapter.java:60)\r\n\tat o.a.m.s.j.LauncherAdapter.execute(LauncherAdapter.java:52)\r\n\tat o.a.m.s.j.JUnitPlatformProvider.execute(JUnitPlatformProvider.java:203)\r\n\tat o.a.m.s.j.JUnitPlatformProvider.invokeAllTests(JUnitPlatformProvider.java:168)\r\n\tat o.a.m.s.j.JUnitPlatformProvider.invoke(JUnitPlatformProvider.java:136)\r\n\tat o.a.m.surefire.booter.ForkedBooter.runSuitesInProcess(ForkedBooter.java:385)\r\n\tat o.a.m.surefire.booter.ForkedBooter.execute(ForkedBooter.java:162)\r\n\tat o.a.m.surefire.booter.ForkedBooter.run(ForkedBooter.java:507)\r\n\tat o.a.m.surefire.booter.ForkedBooter.main(ForkedBooter.java:495)\r\n","appName":"account-posting","traceId":"662cdc039e8d4f45","app":"account-posting"}
]]></system-out>
  </testcase>
  <testcase name="returns500_whenServiceThrows" classname="com.accountposting.controller.AccountPostingLegControllerTest$AddLeg" time="0.029">
    <system-out><![CDATA[{"timestamp":"2026-03-22T06:05:19.3432863Z","@version":"1","message":"Could not detect default configuration classes for test class [com.accountposting.controller.AccountPostingLegControllerTest$AddLeg]: AddLeg does not declare any static, non-private, non-final, nested classes annotated with @Configuration.","logger":"org.springframework.test.context.support.AnnotationConfigContextLoaderUtils","thread":"main","level":"INFO","level_value":20000,"appName":"account-posting","app":"account-posting"}
{"timestamp":"2026-03-22T06:05:19.3627902Z","@version":"1","message":"Found @SpringBootConfiguration com.accountposting.AccountPostingApplication for test class com.accountposting.controller.AccountPostingLegControllerTest$AddLeg","logger":"org.springframework.boot.test.context.SpringBootTestContextBootstrapper","thread":"main","level":"INFO","level_value":20000,"appName":"account-posting","app":"account-posting"}
{"timestamp":"2026-03-22T06:05:19.3904833Z","@version":"1","message":"Unexpected error","logger":"com.accountposting.exception.GlobalExceptionHandler","thread":"main","level":"ERROR","level_value":40000,"stack_trace":"java.lang.RuntimeException: DB error\r\n\tat c.a.c.AccountPostingLegController.addLeg(AccountPostingLegController.java:29)\r\n\tat j.i.r.DirectMethodHandleAccessor.invoke(DirectMethodHandleAccessor.java:103)\r\n\tat java.lang.reflect.Method.invoke(Method.java:580)\r\n\tat o.s.w.m.s.InvocableHandlerMethod.doInvoke(InvocableHandlerMethod.java:258)\r\n\tat o.s.w.m.s.InvocableHandlerMethod.invokeForRequest(InvocableHandlerMethod.java:191)\r\n\tat o.s.w.s.m.m.a.ServletInvocableHandlerMethod.invokeAndHandle(ServletInvocableHandlerMethod.java:118)\r\n\tat o.s.w.s.m.m.a.RequestMappingHandlerAdapter.invokeHandlerMethod(RequestMappingHandlerAdapter.java:991)\r\n\tat o.s.w.s.m.m.a.RequestMappingHandlerAdapter.handleInternal(RequestMappingHandlerAdapter.java:896)\r\n\tat o.s.w.s.m.m.AbstractHandlerMethodAdapter.handle(AbstractHandlerMethodAdapter.java:87)\r\n\tat o.s.web.servlet.DispatcherServlet.doDispatch(DispatcherServlet.java:1089)\r\n\tat o.s.web.servlet.DispatcherServlet.doService(DispatcherServlet.java:979)\r\n\tat o.s.web.servlet.FrameworkServlet.processRequest(FrameworkServlet.java:1014)\r\n\tat o.s.web.servlet.FrameworkServlet.doPost(FrameworkServlet.java:914)\r\n\tat jakarta.servlet.http.HttpServlet.service(HttpServlet.java:590)\r\n\tat o.s.web.servlet.FrameworkServlet.service(FrameworkServlet.java:885)\r\n\tat o.s.t.w.s.TestDispatcherServlet.service(TestDispatcherServlet.java:72)\r\n\tat jakarta.servlet.http.HttpServlet.service(HttpServlet.java:658)\r\n\tat o.s.m.w.MockFilterChain$ServletFilterProxy.doFilter(MockFilterChain.java:165)\r\n\tat o.s.mock.web.MockFilterChain.doFilter(MockFilterChain.java:132)\r\n\tat c.a.config.MdcLoggingFilter.doFilterInternal(MdcLoggingFilter.java:44)\r\n\tat o.s.web.filter.OncePerRequestFilter.doFilter(OncePerRequestFilter.java:116)\r\n\tat o.s.t.w.s.s.MockMvcFilterDecorator.doFilter(MockMvcFilterDecorator.java:162)\r\n\tat o.s.mock.web.MockFilterChain.doFilter(MockFilterChain.java:132)\r\n\tat o.s.web.filter.RequestContextFilter.doFilterInternal(RequestContextFilter.java:100)\r\n\tat o.s.web.filter.OncePerRequestFilter.doFilter(OncePerRequestFilter.java:116)\r\n\tat o.s.t.w.s.s.MockMvcFilterDecorator.doFilter(MockMvcFilterDecorator.java:162)\r\n\tat o.s.mock.web.MockFilterChain.doFilter(MockFilterChain.java:132)\r\n\tat o.s.web.filter.FormContentFilter.doFilterInternal(FormContentFilter.java:93)\r\n\tat o.s.web.filter.OncePerRequestFilter.doFilter(OncePerRequestFilter.java:116)\r\n\tat o.s.t.w.s.s.MockMvcFilterDecorator.doFilter(MockMvcFilterDecorator.java:162)\r\n\tat o.s.mock.web.MockFilterChain.doFilter(MockFilterChain.java:132)\r\n\tat o.s.w.filter.CharacterEncodingFilter.doFilterInternal(CharacterEncodingFilter.java:201)\r\n\tat o.s.web.filter.OncePerRequestFilter.doFilter(OncePerRequestFilter.java:116)\r\n\tat o.s.t.w.s.s.MockMvcFilterDecorator.doFilter(MockMvcFilterDecorator.java:162)\r\n\tat o.s.mock.web.MockFilterChain.doFilter(MockFilterChain.java:132)\r\n\tat o.s.test.web.servlet.MockMvc.perform(MockMvc.java:201)\r\n\tat c.a.c.AccountPostingLegControllerTest$AddLeg.returns500_whenServiceThrows(AccountPostingLegControllerTest.java:143)\r\n\tat j.i.r.DirectMethodHandleAccessor.invoke(DirectMethodHandleAccessor.java:103)\r\n\tat java.lang.reflect.Method.invoke(Method.java:580)\r\n\tat o.j.p.commons.util.ReflectionUtils.invokeMethod(ReflectionUtils.java:775)\r\n\tat o.j.p.c.support.ReflectionSupport.invokeMethod(ReflectionSupport.java:479)\r\n\tat o.j.j.e.execution.MethodInvocation.proceed(MethodInvocation.java:60)\r\n\tat o.j.j.e.e.InvocationInterceptorChain$ValidatingInvocation.proceed(InvocationInterceptorChain.java:131)\r\n\tat o.j.j.e.extension.TimeoutExtension.intercept(TimeoutExtension.java:161)\r\n\tat o.j.j.e.extension.TimeoutExtension.interceptTestableMethod(TimeoutExtension.java:152)\r\n\tat o.j.j.e.extension.TimeoutExtension.interceptTestMethod(TimeoutExtension.java:91)\r\n\tat o.j.j.e.e.InterceptingExecutableInvoker$ReflectiveInterceptorCall.lambda$ofVoidMethod$0(InterceptingExecutableInvoker.java:112)\r\n\tat o.j.j.e.e.InterceptingExecutableInvoker.lambda$invoke$0(InterceptingExecutableInvoker.java:94)\r\n\tat o.j.j.e.e.InvocationInterceptorChain$InterceptedInvocation.proceed(InvocationInterceptorChain.java:106)\r\n\tat o.j.j.e.e.InvocationInterceptorChain.proceed(InvocationInterceptorChain.java:64)\r\n\tat o.j.j.e.e.InvocationInterceptorChain.chainAndInvoke(InvocationInterceptorChain.java:45)\r\n\tat o.j.j.e.e.InvocationInterceptorChain.invoke(InvocationInterceptorChain.java:37)\r\n\tat o.j.j.e.e.InterceptingExecutableInvoker.invoke(InterceptingExecutableInvoker.java:93)\r\n\tat o.j.j.e.e.InterceptingExecutableInvoker.invoke(InterceptingExecutableInvoker.java:87)\r\n\tat o.j.j.e.d.TestMethodTestDescriptor.lambda$invokeTestMethod$7(TestMethodTestDescriptor.java:216)\r\n\tat o.j.p.e.s.h.ThrowableCollector.execute(ThrowableCollector.java:73)\r\n\tat o.j.j.e.d.TestMethodTestDescriptor.invokeTestMethod(TestMethodTestDescriptor.java:212)\r\n\tat o.j.j.e.d.TestMethodTestDescriptor.execute(TestMethodTestDescriptor.java:137)\r\n\tat o.j.j.e.d.TestMethodTestDescriptor.execute(TestMethodTestDescriptor.java:69)\r\n\tat o.j.p.e.s.hierarchical.NodeTestTask.lambda$executeRecursively$6(NodeTestTask.java:156)\r\n\tat o.j.p.e.s.h.ThrowableCollector.execute(ThrowableCollector.java:73)\r\n\tat o.j.p.e.s.hierarchical.NodeTestTask.lambda$executeRecursively$8(NodeTestTask.java:146)\r\n\tat o.j.p.e.support.hierarchical.Node.around(Node.java:137)\r\n\tat o.j.p.e.s.hierarchical.NodeTestTask.lambda$executeRecursively$9(NodeTestTask.java:144)\r\n\tat o.j.p.e.s.h.ThrowableCollector.execute(ThrowableCollector.java:73)\r\n\tat o.j.p.e.s.hierarchical.NodeTestTask.executeRecursively(NodeTestTask.java:143)\r\n\tat o.j.p.e.s.hierarchical.NodeTestTask.execute(NodeTestTask.java:100)\r\n\tat java.util.ArrayList.forEach(ArrayList.java:1596)\r\n\tat o.j.p.e.s.h.SameThreadHierarchicalTestExecutorService.invokeAll(SameThreadHierarchicalTestExecutorService.java:41)\r\n\tat o.j.p.e.s.hierarchical.NodeTestTask.lambda$executeRecursively$6(NodeTestTask.java:160)\r\n\tat o.j.p.e.s.h.ThrowableCollector.execute(ThrowableCollector.java:73)\r\n\tat o.j.p.e.s.hierarchical.NodeTestTask.lambda$executeRecursively$8(NodeTestTask.java:146)\r\n\tat o.j.p.e.support.hierarchical.Node.around(Node.java:137)\r\n\tat o.j.p.e.s.hierarchical.NodeTestTask.lambda$executeRecursively$9(NodeTestTask.java:144)\r\n\tat o.j.p.e.s.h.ThrowableCollector.execute(ThrowableCollector.java:73)\r\n\tat o.j.p.e.s.hierarchical.NodeTestTask.executeRecursively(NodeTestTask.java:143)\r\n\tat o.j.p.e.s.hierarchical.NodeTestTask.execute(NodeTestTask.java:100)\r\n\tat java.util.ArrayList.forEach(ArrayList.java:1596)\r\n\tat o.j.p.e.s.h.SameThreadHierarchicalTestExecutorService.invokeAll(SameThreadHierarchicalTestExecutorService.java:41)\r\n\tat o.j.p.e.s.hierarchical.NodeTestTask.lambda$executeRecursively$6(NodeTestTask.java:160)\r\n\tat o.j.p.e.s.h.ThrowableCollector.execute(ThrowableCollector.java:73)\r\n\tat o.j.p.e.s.hierarchical.NodeTestTask.lambda$executeRecursively$8(NodeTestTask.java:146)\r\n\tat o.j.p.e.support.hierarchical.Node.around(Node.java:137)\r\n\tat o.j.p.e.s.hierarchical.NodeTestTask.lambda$executeRecursively$9(NodeTestTask.java:144)\r\n\tat o.j.p.e.s.h.ThrowableCollector.execute(ThrowableCollector.java:73)\r\n\tat o.j.p.e.s.hierarchical.NodeTestTask.executeRecursively(NodeTestTask.java:143)\r\n\tat o.j.p.e.s.hierarchical.NodeTestTask.execute(NodeTestTask.java:100)\r\n\tat java.util.ArrayList.forEach(ArrayList.java:1596)\r\n\tat o.j.p.e.s.h.SameThreadHierarchicalTestExecutorService.invokeAll(SameThreadHierarchicalTestExecutorService.java:41)\r\n\tat o.j.p.e.s.hierarchical.NodeTestTask.lambda$executeRecursively$6(NodeTestTask.java:160)\r\n\tat o.j.p.e.s.h.ThrowableCollector.execute(ThrowableCollector.java:73)\r\n\tat o.j.p.e.s.hierarchical.NodeTestTask.lambda$executeRecursively$8(NodeTestTask.java:146)\r\n\tat o.j.p.e.support.hierarchical.Node.around(Node.java:137)\r\n\tat o.j.p.e.s.hierarchical.NodeTestTask.lambda$executeRecursively$9(NodeTestTask.java:144)\r\n\tat o.j.p.e.s.h.ThrowableCollector.execute(ThrowableCollector.java:73)\r\n\tat o.j.p.e.s.hierarchical.NodeTestTask.executeRecursively(NodeTestTask.java:143)\r\n\tat o.j.p.e.s.hierarchical.NodeTestTask.execute(NodeTestTask.java:100)\r\n\tat o.j.p.e.s.h.SameThreadHierarchicalTestExecutorService.submit(SameThreadHierarchicalTestExecutorService.java:35)\r\n\tat o.j.p.e.s.h.HierarchicalTestExecutor.execute(HierarchicalTestExecutor.java:57)\r\n\tat o.j.p.e.s.h.HierarchicalTestEngine.execute(HierarchicalTestEngine.java:54)\r\n\tat o.j.p.l.c.EngineExecutionOrchestrator.execute(EngineExecutionOrchestrator.java:201)\r\n\tat o.j.p.l.c.EngineExecutionOrchestrator.execute(EngineExecutionOrchestrator.java:170)\r\n\tat o.j.p.l.c.EngineExecutionOrchestrator.execute(EngineExecutionOrchestrator.java:94)\r\n\tat o.j.p.l.c.EngineExecutionOrchestrator.lambda$execute$0(EngineExecutionOrchestrator.java:59)\r\n\tat o.j.p.l.c.EngineExecutionOrchestrator.withInterceptedStreams(EngineExecutionOrchestrator.java:142)\r\n\tat o.j.p.l.c.EngineExecutionOrchestrator.execute(EngineExecutionOrchestrator.java:58)\r\n\tat o.j.p.launcher.core.DefaultLauncher.execute(DefaultLauncher.java:103)\r\n\tat o.j.p.launcher.core.DefaultLauncher.execute(DefaultLauncher.java:85)\r\n\tat o.j.p.l.core.DelegatingLauncher.execute(DelegatingLauncher.java:47)\r\n\tat o.j.p.l.core.InterceptingLauncher.lambda$execute$1(InterceptingLauncher.java:39)\r\n\tat o.j.p.l.c.ClasspathAlignmentCheckingLauncherInterceptor.intercept(ClasspathAlignmentCheckingLauncherInterceptor.java:25)\r\n\tat o.j.p.l.core.InterceptingLauncher.execute(InterceptingLauncher.java:38)\r\n\tat o.j.p.l.core.DelegatingLauncher.execute(DelegatingLauncher.java:47)\r\n\tat o.a.m.s.j.LauncherAdapter.executeWithoutCancellationToken(LauncherAdapter.java:60)\r\n\tat o.a.m.s.j.LauncherAdapter.execute(LauncherAdapter.java:52)\r\n\tat o.a.m.s.j.JUnitPlatformProvider.execute(JUnitPlatformProvider.java:203)\r\n\tat o.a.m.s.j.JUnitPlatformProvider.invokeAllTests(JUnitPlatformProvider.java:168)\r\n\tat o.a.m.s.j.JUnitPlatformProvider.invoke(JUnitPlatformProvider.java:136)\r\n\tat o.a.m.surefire.booter.ForkedBooter.runSuitesInProcess(ForkedBooter.java:385)\r\n\tat o.a.m.surefire.booter.ForkedBooter.execute(ForkedBooter.java:162)\r\n\tat o.a.m.surefire.booter.ForkedBooter.run(ForkedBooter.java:507)\r\n\tat o.a.m.surefire.booter.ForkedBooter.main(ForkedBooter.java:495)\r\n","appName":"account-posting","traceId":"8f5d313c353f4844","app":"account-posting"}
]]></system-out>
  </testcase>
  <testcase name="returns400_whenStatusIsNull" classname="com.accountposting.controller.AccountPostingLegControllerTest$ManualUpdateLeg" time="0.022"/>
  <testcase name="returns404_whenLegNotFound" classname="com.accountposting.controller.AccountPostingLegControllerTest$ManualUpdateLeg" time="0.019">
    <system-out><![CDATA[{"timestamp":"2026-03-22T06:05:18.9755742Z","@version":"1","message":"Not found: AccountPostingLeg not found with id: 999","logger":"com.accountposting.exception.GlobalExceptionHandler","thread":"main","level":"WARN","level_value":30000,"appName":"account-posting","traceId":"67f1690b3176489a","app":"account-posting"}
]]></system-out>
  </testcase>
  <testcase name="returns404_whenLegNotFound" classname="com.accountposting.controller.AccountPostingLegControllerTest$UpdateLeg" time="0.012">
    <system-out><![CDATA[{"timestamp":"2026-03-22T06:05:19.1117965Z","@version":"1","message":"Not found: AccountPostingLeg not found with id: 999","logger":"com.accountposting.exception.GlobalExceptionHandler","thread":"main","level":"WARN","level_value":30000,"appName":"account-posting","traceId":"de2694a1b2a347e3","app":"account-posting"}
]]></system-out>
  </testcase>
  <testcase name="returns404_whenLegNotFound" classname="com.accountposting.controller.AccountPostingLegControllerTest$GetLeg" time="0.013">
    <system-out><![CDATA[{"timestamp":"2026-03-22T06:05:19.2162037Z","@version":"1","message":"Not found: AccountPostingLeg not found with id: 999","logger":"com.accountposting.exception.GlobalExceptionHandler","thread":"main","level":"WARN","level_value":30000,"appName":"account-posting","traceId":"40aab31eaf7d4438","app":"account-posting"}
]]></system-out>
  </testcase>
  <testcase name="returns400_whenBodyIsEmpty" classname="com.accountposting.controller.AccountPostingLegControllerTest$ManualUpdateLeg" time="0.015"/>
  <testcase name="returns200_whenValidStatus" classname="com.accountposting.controller.AccountPostingLegControllerTest$ManualUpdateLeg" time="0.026"/>
  <testcase name="returns400_whenStatusMissing" classname="com.accountposting.controller.AccountPostingLegControllerTest$UpdateLeg" time="0.012"/>
  <testcase name="returns422_whenBusinessRuleViolated" classname="com.accountposting.controller.AccountPostingLegControllerTest$UpdateLeg" time="0.013">
    <system-out><![CDATA[{"timestamp":"2026-03-22T06:05:19.1413551Z","@version":"1","message":"Business exception [INVALID_TRANSITION] → 422: INVALID_TRANSITION: Cannot transition leg from FAILED to SUCCESS directly","logger":"com.accountposting.exception.GlobalExceptionHandler","thread":"main","level":"WARN","level_value":30000,"appName":"account-posting","traceId":"d8ff128acf714b1c","app":"account-posting"}
]]></system-out>
  </testcase>
  <testcase name="returns200_whenValidRequest" classname="com.accountposting.controller.AccountPostingLegControllerTest$UpdateLeg" time="0.021"/>
  <testcase name="returns200_whenLegExists" classname="com.accountposting.controller.AccountPostingLegControllerTest$GetLeg" time="0.012"/>
  <testcase name="returns200_withLegList" classname="com.accountposting.controller.AccountPostingLegControllerTest$ListLegs" time="0.015"/>
  <testcase name="returns200_withEmptyListWhenNoLegs" classname="com.accountposting.controller.AccountPostingLegControllerTest$ListLegs" time="0.013"/>
  <testcase name="returns400_whenTargetSystemBlank" classname="com.accountposting.controller.AccountPostingLegControllerTest$AddLeg" time="0.011"/>
  <testcase name="returns400_whenLegOrderIsZero" classname="com.accountposting.controller.AccountPostingLegControllerTest$AddLeg" time="0.011"/>
  <testcase name="returns400_whenRequiredFieldsMissing" classname="com.accountposting.controller.AccountPostingLegControllerTest$AddLeg" time="0.008"/>
  <testcase name="returns201_whenValidRequest" classname="com.accountposting.controller.AccountPostingLegControllerTest$AddLeg" time="0.01"/>
  <testcase name="returns404_whenPostingNotFound" classname="com.accountposting.controller.AccountPostingLegControllerTest$AddLeg" time="0.012">
    <system-out><![CDATA[{"timestamp":"2026-03-22T06:05:19.45216Z","@version":"1","message":"Not found: AccountPosting not found with id: 99","logger":"com.accountposting.exception.GlobalExceptionHandler","thread":"main","level":"WARN","level_value":30000,"appName":"account-posting","traceId":"9aa17e72447e4bc2","app":"account-posting"}
]]></system-out>
  </testcase>
</testsuite>