<?xml version="1.0" encoding="UTF-8"?>
<testsuite xmlns:xsi="http://www.w3.org/2001/XMLSchema-instance" xsi:noNamespaceSchemaLocation="https://maven.apache.org/surefire/maven-surefire-plugin/xsd/surefire-test-report.xsd" version="3.0.2" name="com.accountposting.integration.AccountPostingIntegrationTest" time="19.32" tests="47" errors="0" skipped="0" failures="0" flakes="0">
  <properties>
[...]
</properties>
  <testcase name="allRequestTypes_allSuccess_multiplePostingsEach" classname="Bulk data load — all request types + mixed outcomes" time="1.931">
    <system-out><![CDATA[{"timestamp":"2026-03-22T06:05:20.4010902Z","@version":"1","message":"Could not detect default configuration classes for test class [com.accountposting.integration.AccountPostingIntegrationTest]: AccountPostingIntegrationTest does not declare any static, non-private, non-final, nested classes annotated with @Configuration.","logger":"org.springframework.test.context.support.AnnotationConfigContextLoaderUtils","thread":"main","level":"INFO","level_value":20000,"appName":"account-posting","app":"account-posting"}
{"timestamp":"2026-03-22T06:05:20.4176135Z","@version":"1","message":"Found @SpringBootConfiguration com.accountposting.AccountPostingApplication for test class com.accountposting.integration.AccountPostingIntegrationTest","logger":"org.springframework.boot.test.context.SpringBootTestContextBootstrapper","thread":"main","level":"INFO","level_value":20000,"appName":"account-posting","app":"account-posting"}
{"timestamp":"2026-03-22T06:05:20.4785853Z","@version":"1","message":"Image pull policy will be performed by: DefaultPullPolicy()","logger":"org.testcontainers.images.PullPolicy","thread":"main","level":"INFO","level_value":20000,"appName":"account-posting","app":"account-posting"}
{"timestamp":"2026-03-22T06:05:20.4861055Z","@version":"1","message":"Image name substitution will be performed by: DefaultImageNameSubstitutor (composite of 'ConfigurationFileImageNameSubstitutor' and 'PrefixingImageNameSubstitutor')","logger":"org.testcontainers.utility.ImageNameSubstitutor","thread":"main","level":"INFO","level_value":20000,"appName":"account-posting","app":"account-posting"}
{"timestamp":"2026-03-22T06:05:20.5167679Z","@version":"1","message":"Testcontainers version: 1.21.4","logger":"org.testcontainers.DockerClientFactory","thread":"main","level":"INFO","level_value":20000,"appName":"account-posting","app":"account-posting"}
{"timestamp":"2026-03-22T06:05:20.7301892Z","@version":"1","message":"Loaded org.testcontainers.dockerclient.NpipeSocketClientProviderStrategy from ~/.testcontainers.properties, will try it first","logger":"org.testcontainers.dockerclient.DockerClientProviderStrategy","thread":"main","level":"INFO","level_value":20000,"appName":"account-posting","app":"account-posting"}
{"timestamp":"2026-03-22T06:05:21.0144198Z","@version":"1","message":"Found Docker environment with local Npipe socket (npipe:////./pipe/docker_engine)","logger":"org.testcontainers.dockerclient.DockerClientProviderStrategy","thread":"main","level":"INFO","level_value":20000,"appName":"account-posting","app":"account-posting"}
{"timestamp":"2026-03-22T06:05:21.0164189Z","@version":"1","message":"Docker host IP address is localhost","logger":"org.testcontainers.DockerClientFactory","thread":"main","level":"INFO","level_value":20000,"appName":"account-posting","app":"account-posting"}
{"timestamp":"2026-03-22T06:05:21.0390981Z","@version":"1","message":"Connected to docker: \n  Server Version: 28.5.1\n  API Version: 1.51\n  Operating System: Docker Desktop\n  Total Memory: 15926 MB\n  Labels: \n    com.docker.desktop.address=npipe://\\\\.\\pipe\\docker_cli","logger":"org.testcontainers.DockerClientFactory","thread":"main","level":"INFO","level_value":20000,"appName":"account-posting","app":"account-posting"}
{"timestamp":"2026-03-22T06:05:21.061593Z","@version":"1","message":"Creating container for image: testcontainers/ryuk:0.12.0","logger":"tc.testcontainers/ryuk:0.12.0","thread":"main","level":"INFO","level_value":20000,"appName":"account-posting","app":"account-posting"}
{"timestamp":"2026-03-22T06:05:21.1419602Z","@version":"1","message":"Credential helper/store (docker-credential-desktop) does not have credentials for https://index.docker.io/v1/","logger":"org.testcontainers.utility.RegistryAuthLocator","thread":"main","level":"INFO","level_value":20000,"appName":"account-posting","app":"account-posting"}
{"timestamp":"2026-03-22T06:05:21.2881957Z","@version":"1","message":"Container testcontainers/ryuk:0.12.0 is starting: bf846894d47ea39850ecbf02410c9ac3e5992d4971dd156e2acffb9ca434ea75","logger":"tc.testcontainers/ryuk:0.12.0","thread":"main","level":"INFO","level_value":20000,"appName":"account-posting","app":"account-posting"}
{"timestamp":"2026-03-22T06:05:21.6481365Z","@version":"1","message":"Container testcontainers/ryuk:0.12.0 started in PT0.5865435S","logger":"tc.testcontainers/ryuk:0.12.0","thread":"main","level":"INFO","level_value":20000,"appName":"account-posting","app":"account-posting"}
{"timestamp":"2026-03-22T06:05:21.6560272Z","@version":"1","message":"Ryuk started - will monitor and terminate Testcontainers containers on JVM exit","logger":"org.testcontainers.utility.RyukResourceReaper","thread":"main","level":"INFO","level_value":20000,"appName":"account-posting","app":"account-posting"}
{"timestamp":"2026-03-22T06:05:21.6565569Z","@version":"1","message":"Checking the system...","logger":"org.testcontainers.DockerClientFactory","thread":"main","level":"INFO","level_value":20000,"appName":"account-posting","app":"account-posting"}
{"timestamp":"2026-03-22T06:05:21.6570825Z","@version":"1","message":"✔︎ Docker server version should be at least 1.6.0","logger":"org.testcontainers.DockerClientFactory","thread":"main","level":"INFO","level_value":20000,"appName":"account-posting","app":"account-posting"}
{"timestamp":"2026-03-22T06:05:21.657612Z","@version":"1","message":"Creating container for image: postgres:16","logger":"tc.postgres:16","thread":"main","level":"INFO","level_value":20000,"appName":"account-posting","app":"account-posting"}
{"timestamp":"2026-03-22T06:05:21.7129425Z","@version":"1","message":"Container postgres:16 is starting: 619a9f25c35e52db22d94fc74e3a63ca358ac44a2aa4a13ddfa36e37517fc784","logger":"tc.postgres:16","thread":"main","level":"INFO","level_value":20000,"appName":"account-posting","app":"account-posting"}
{"timestamp":"2026-03-22T06:05:23.240244Z","@version":"1","message":"Container postgres:16 started in PT1.582632S","logger":"tc.postgres:16","thread":"main","level":"INFO","level_value":20000,"appName":"account-posting","app":"account-posting"}
{"timestamp":"2026-03-22T06:05:23.2419071Z","@version":"1","message":"Container is started (JDBC URL: jdbc:postgresql://localhost:58569/account_posting_test?loggerLevel=OFF)","logger":"tc.postgres:16","thread":"main","level":"INFO","level_value":20000,"appName":"account-posting","app":"account-posting"}
{"timestamp":"2026-03-22T06:05:23.2522296Z","@version":"1","message":"Could not detect default configuration classes for test class [com.accountposting.integration.AccountPostingIntegrationTest$BulkDataLoad]: BulkDataLoad does not declare any static, non-private, non-final, nested classes annotated with @Configuration.","logger":"org.springframework.test.context.support.AnnotationConfigContextLoaderUtils","thread":"main","level":"INFO","level_value":20000,"appName":"account-posting","app":"account-posting"}
{"timestamp":"2026-03-22T06:05:23.2548427Z","@version":"1","message":"Found @SpringBootConfiguration com.accountposting.AccountPostingApplication for test class com.accountposting.integration.AccountPostingIntegrationTest$BulkDataLoad","logger":"org.springframework.boot.test.context.SpringBootTestContextBootstrapper","thread":"main","level":"INFO","level_value":20000,"appName":"account-posting","app":"account-posting"}

  .   ____          _            __ _ _
 /\\ / ___'_ __ _ _(_)_ __  __ _ \ \ \ \
( ( )\___ | '_ | '_| | '_ \/ _` | \ \ \ \
 \\/  ___)| |_)| | | | | || (_| |  ) ) ) )
  '  |____| .__|_| |_|_| |_\__, | / / / /
 =========|_|==============|___/=/_/_/_/

 :: Spring Boot ::               (v3.5.12)

{"timestamp":"2026-03-22T06:05:23.3111781Z","@version":"1","message":"Starting AccountPostingIntegrationTest using Java 21.0.9 with PID 21068 (started by Administrator in E:\\Development\\code_practice\\claude\\project\\account-posting)","logger":"com.accountposting.integration.AccountPostingIntegrationTest","thread":"main","level":"INFO","level_value":20000,"appName":"account-posting","app":"account-posting"}
{"timestamp":"2026-03-22T06:05:23.3111781Z","@version":"1","message":"The following 1 profile is active: \"integration-test\"","logger":"com.accountposting.integration.AccountPostingIntegrationTest","thread":"main","level":"INFO","level_value":20000,"appName":"account-posting","app":"account-posting"}
{"timestamp":"2026-03-22T06:05:25.764995Z","@version":"1","message":"HHH90000025: PostgreSQLDialect does not need to be specified explicitly using 'hibernate.dialect' (remove the property setting and it will be selected by default)","logger":"org.hibernate.orm.deprecation","thread":"main","level":"WARN","level_value":30000,"appName":"account-posting","app":"account-posting"}
{"timestamp":"2026-03-22T06:05:28.1511642Z","@version":"1","message":"Registered posting strategies: [GL_POSTING, CBS_POSTING, OBPM_POSTING]","logger":"com.accountposting.service.strategy.PostingStrategyFactory","thread":"main","level":"INFO","level_value":20000,"appName":"account-posting","app":"account-posting"}
{"timestamp":"2026-03-22T06:05:29.1231137Z","@version":"1","message":"The cache 'configsByRequestType' is not recording statistics. No meters except 'cache.size' will be registered. Call 'Caffeine#recordStats()' prior to building the cache for metrics to be recorded.","logger":"io.micrometer.core.instrument.binder.cache.CaffeineCacheMetrics","thread":"main","level":"WARN","level_value":30000,"appName":"account-posting","app":"account-posting"}
{"timestamp":"2026-03-22T06:05:29.5080911Z","@version":"1","message":"Started AccountPostingIntegrationTest in 6.249 seconds (process running for 19.288)","logger":"com.accountposting.integration.AccountPostingIntegrationTest","thread":"main","level":"INFO","level_value":20000,"appName":"account-posting","app":"account-posting"}
{"timestamp":"2026-03-22T06:05:30.3586995Z","@version":"1","message":"Posting saved | sourceName=IMX requestType=IMX_CBS_GL","logger":"com.accountposting.service.impl.AccountPostingServiceImpl","thread":"main","level":"INFO","level_value":20000,"appName":"account-posting","requestType":"IMX_CBS_GL","postingId":"1","e2eRef":"E2E-IT-1000","app":"account-posting"}
{"timestamp":"2026-03-22T06:05:30.3854949Z","@version":"1","message":"Config loaded | targetSystems=CBS_GL","logger":"com.accountposting.service.impl.AccountPostingServiceImpl","thread":"main","level":"INFO","level_value":20000,"appName":"account-posting","requestType":"IMX_CBS_GL","postingId":"1","e2eRef":"E2E-IT-1000","app":"account-posting"}
{"timestamp":"2026-03-22T06:05:30.4029143Z","@version":"1","message":"Added leg postingLegId=1 postingId=1 targetSystem=CBS status=PENDING","logger":"com.accountposting.service.impl.AccountPostingLegServiceImpl","thread":"main","level":"INFO","level_value":20000,"appName":"account-posting","requestType":"IMX_CBS_GL","postingId":"1","e2eRef":"E2E-IT-1000","app":"account-posting"}
{"timestamp":"2026-03-22T06:05:30.4034417Z","@version":"1","message":"Pre-inserted PENDING leg#1 targetSystem=CBS","logger":"com.accountposting.service.impl.AccountPostingServiceImpl","thread":"main","level":"INFO","level_value":20000,"appName":"account-posting","requestType":"IMX_CBS_GL","postingId":"1","e2eRef":"E2E-IT-1000","app":"account-posting"}
{"timestamp":"2026-03-22T06:05:30.4103015Z","@version":"1","message":"Added leg postingLegId=2 postingId=1 targetSystem=GL status=PENDING","logger":"com.accountposting.service.impl.AccountPostingLegServiceImpl","thread":"main","level":"INFO","level_value":20000,"appName":"account-posting","requestType":"IMX_CBS_GL","postingId":"1","e2eRef":"E2E-IT-1000","app":"account-posting"}
{"timestamp":"2026-03-22T06:05:30.4108755Z","@version":"1","message":"Pre-inserted PENDING leg#2 targetSystem=GL","logger":"com.accountposting.service.impl.AccountPostingServiceImpl","thread":"main","level":"INFO","level_value":20000,"appName":"account-posting","requestType":"IMX_CBS_GL","postingId":"1","e2eRef":"E2E-IT-1000","app":"account-posting"}
{"timestamp":"2026-03-22T06:05:30.4207232Z","@version":"1","message":"CBS CREATE | postingId=1 flow=CBS_POSTING","logger":"com.accountposting.service.strategy.impl.CBSPostingService","thread":"main","level":"INFO","level_value":20000,"appName":"account-posting","requestType":"IMX_CBS_GL","postingId":"1","e2eRef":"E2E-IT-1000","app":"account-posting"}
{"timestamp":"2026-03-22T06:05:30.4326851Z","@version":"1","message":"CBS | leg#1 cbsStatus=SUCCESS","logger":"com.accountposting.service.strategy.impl.CBSPostingService","thread":"main","level":"INFO","level_value":20000,"appName":"account-posting","requestType":"IMX_CBS_GL","postingId":"1","e2eRef":"E2E-IT-1000","app":"account-posting"}
{"timestamp":"2026-03-22T06:05:30.4555513Z","@version":"1","message":"Updated leg postingLegId=1 postingId=1 status: PENDING -> SUCCESS mode=NORM attempt=1","logger":"com.accountposting.service.impl.AccountPostingLegServiceImpl","thread":"main","level":"INFO","level_value":20000,"appName":"account-posting","requestType":"IMX_CBS_GL","postingId":"1","e2eRef":"E2E-IT-1000","app":"account-posting"}
{"timestamp":"2026-03-22T06:05:30.4566885Z","@version":"1","message":"CBS | leg#1 finalStatus=SUCCESS","logger":"com.accountposting.service.strategy.impl.CBSPostingService","thread":"main","level":"INFO","level_value":20000,"appName":"account-posting","requestType":"IMX_CBS_GL","postingId":"1","e2eRef":"E2E-IT-1000","app":"account-posting"}
{"timestamp":"2026-03-22T06:05:30.4582688Z","@version":"1","message":"GL CREATE | flow=GL_POSTING","logger":"com.accountposting.service.strategy.impl.GLPostingService","thread":"main","level":"INFO","level_value":20000,"appName":"account-posting","requestType":"IMX_CBS_GL","postingId":"1","e2eRef":"E2E-IT-1000","app":"account-posting"}
{"timestamp":"2026-03-22T06:05:30.4620607Z","@version":"1","message":"GL | leg#2 glStatus=SUCCESS","logger":"com.accountposting.service.strategy.impl.GLPostingService","thread":"main","level":"INFO","level_value":20000,"appName":"account-posting","requestType":"IMX_CBS_GL","postingId":"1","e2eRef":"E2E-IT-1000","app":"account-posting"}
{"timestamp":"2026-03-22T06:05:30.5130127Z","@version":"1","message":"Updated leg postingLegId=2 postingId=1 status: PENDING -> SUCCESS mode=NORM attempt=1","logger":"com.accountposting.service.impl.AccountPostingLegServiceImpl","thread":"main","level":"INFO","level_value":20000,"appName":"account-posting","requestType":"IMX_CBS_GL","postingId":"1","e2eRef":"E2E-IT-1000","app":"account-posting"}
{"timestamp":"2026-03-22T06:05:30.5140705Z","@version":"1","message":"GL | leg#2 finalStatus=SUCCESS","logger":"com.accountposting.service.strategy.impl.GLPostingService","thread":"main","level":"INFO","level_value":20000,"appName":"account-posting","requestType":"IMX_CBS_GL","postingId":"1","e2eRef":"E2E-IT-1000","app":"account-posting"}
{"timestamp":"2026-03-22T06:05:30.5227582Z","@version":"1","message":"Posting completed | status=SUCCESS legs=2","logger":"com.accountposting.service.impl.AccountPostingServiceImpl","thread":"main","level":"INFO","level_value":20000,"appName":"account-posting","requestType":"IMX_CBS_GL","postingId":"1","e2eRef":"E2E-IT-1000","app":"account-posting"}
{"timestamp":"2026-03-22T06:05:30.5548603Z","@version":"1","message":"Posting saved | sourceName=IMX requestType=IMX_CBS_GL","logger":"com.accountposting.service.impl.AccountPostingServiceImpl","thread":"main","level":"INFO","level_value":20000,"appName":"account-posting","requestType":"IMX_CBS_GL","postingId":"2","e2eRef":"E2E-IT-1001","app":"account-posting"}
{"timestamp":"2026-03-22T06:05:30.5627495Z","@version":"1","message":"Config loaded | targetSystems=CBS_GL","logger":"com.accountposting.service.impl.AccountPostingServiceImpl","thread":"main","level":"INFO","level_value":20000,"appName":"account-posting","requestType":"IMX_CBS_GL","postingId":"2","e2eRef":"E2E-IT-1001","app":"account-posting"}
{"timestamp":"2026-03-22T06:05:30.5687378Z","@version":"1","message":"Added leg postingLegId=3 postingId=2 targetSystem=CBS status=PENDING","logger":"com.accountposting.service.impl.AccountPostingLegServiceImpl","thread":"main","level":"INFO","level_value":20000,"appName":"account-posting","requestType":"IMX_CBS_GL","postingId":"2","e2eRef":"E2E-IT-1001","app":"account-posting"}
{"timestamp":"2026-03-22T06:05:30.5692672Z","@version":"1","message":"Pre-inserted PENDING leg#3 targetSystem=CBS","logger":"com.accountposting.service.impl.AccountPostingServiceImpl","thread":"main","level":"INFO","level_value":20000,"appName":"account-posting","requestType":"IMX_CBS_GL","postingId":"2","e2eRef":"E2E-IT-1001","app":"account-posting"}
{"timestamp":"2026-03-22T06:05:30.5760177Z","@version":"1","message":"Added leg postingLegId=4 postingId=2 targetSystem=GL status=PENDING","logger":"com.accountposting.service.impl.AccountPostingLegServiceImpl","thread":"main","level":"INFO","level_value":20000,"appName":"account-posting","requestType":"IMX_CBS_GL","postingId":"2","e2eRef":"E2E-IT-1001","app":"account-posting"}
{"timestamp":"2026-03-22T06:05:30.5760177Z","@version":"1","message":"Pre-inserted PENDING leg#4 targetSystem=GL","logger":"com.accountposting.service.impl.AccountPostingServiceImpl","thread":"main","level":"INFO","level_value":20000,"appName":"account-posting","requestType":"IMX_CBS_GL","postingId":"2","e2eRef":"E2E-IT-1001","app":"account-posting"}
{"timestamp":"2026-03-22T06:05:30.5765431Z","@version":"1","message":"CBS CREATE | postingId=2 flow=CBS_POSTING","logger":"com.accountposting.service.strategy.impl.CBSPostingService","thread":"main","level":"INFO","level_value":20000,"appName":"account-posting","requestType":"IMX_CBS_GL","postingId":"2","e2eRef":"E2E-IT-1001","app":"account-posting"}
{"timestamp":"2026-03-22T06:05:30.5770678Z","@version":"1","message":"CBS | leg#3 cbsStatus=SUCCESS","logger":"com.accountposting.service.strategy.impl.CBSPostingService","thread":"main","level":"INFO","level_value":20000,"appName":"account-posting","requestType":"IMX_CBS_GL","postingId":"2","e2eRef":"E2E-IT-1001","app":"account-posting"}
{"timestamp":"2026-03-22T06:05:30.5881478Z","@version":"1","message":"Updated leg postingLegId=3 postingId=2 status: PENDING -> SUCCESS mode=NORM attempt=1","logger":"com.accountposting.service.impl.AccountPostingLegServiceImpl","thread":"main","level":"INFO","level_value":20000,"appName":"account-posting","requestType":"IMX_CBS_GL","postingId":"2","e2eRef":"E2E-IT-1001","app":"account-posting"}
{"timestamp":"2026-03-22T06:05:30.5881478Z","@version":"1","message":"CBS | leg#3 finalStatus=SUCCESS","logger":"com.accountposting.service.strategy.impl.CBSPostingService","thread":"main","level":"INFO","level_value":20000,"appName":"account-posting","requestType":"IMX_CBS_GL","postingId":"2","e2eRef":"E2E-IT-1001","app":"account-posting"}
{"timestamp":"2026-03-22T06:05:30.5891443Z","@version":"1","message":"GL CREATE | flow=GL_POSTING","logger":"com.accountposting.service.strategy.impl.GLPostingService","thread":"main","level":"INFO","level_value":20000,"appName":"account-posting","requestType":"IMX_CBS_GL","postingId":"2","e2eRef":"E2E-IT-1001","app":"account-posting"}
{"timestamp":"2026-03-22T06:05:30.590143Z","@version":"1","message":"GL | leg#4 glStatus=SUCCESS","logger":"com.accountposting.service.strategy.impl.GLPostingService","thread":"main","level":"INFO","level_value":20000,"appName":"account-posting","requestType":"IMX_CBS_GL","postingId":"2","e2eRef":"E2E-IT-1001","app":"account-posting"}
{"timestamp":"2026-03-22T06:05:30.6142261Z","@version":"1","message":"Updated leg postingLegId=4 postingId=2 status: PENDING -> SUCCESS mode=NORM attempt=1","logger":"com.accountposting.service.impl.AccountPostingLegServiceImpl","thread":"main","level":"INFO","level_value":20000,"appName":"account-posting","requestType":"IMX_CBS_GL","postingId":"2","e2eRef":"E2E-IT-1001","app":"account-posting"}
{"timestamp":"2026-03-22T06:05:30.6142261Z","@version":"1","message":"GL | leg#4 finalStatus=SUCCESS","logger":"com.accountposting.service.strategy.impl.GLPostingService","thread":"main","level":"INFO","level_value":20000,"appName":"account-posting","requestType":"IMX_CBS_GL","postingId":"2","e2eRef":"E2E-IT-1001","app":"account-posting"}
{"timestamp":"2026-03-22T06:05:30.6162618Z","@version":"1","message":"Posting completed | status=SUCCESS legs=2","logger":"com.accountposting.service.impl.AccountPostingServiceImpl","thread":"main","level":"INFO","level_value":20000,"appName":"account-posting","requestType":"IMX_CBS_GL","postingId":"2","e2eRef":"E2E-IT-1001","app":"account-posting"}
{"timestamp":"2026-03-22T06:05:30.6422317Z","@version":"1","message":"Posting saved | sourceName=IMX requestType=IMX_CBS_GL","logger":"com.accountposting.service.impl.AccountPostingServiceImpl","thread":"main","level":"INFO","level_value":20000,"appName":"account-posting","requestType":"IMX_CBS_GL","postingId":"3","e2eRef":"E2E-IT-1002","app":"account-posting"}
{"timestamp":"2026-03-22T06:05:30.6518296Z","@version":"1","message":"Config loaded | targetSystems=CBS_GL","logger":"com.accountposting.service.impl.AccountPostingServiceImpl","thread":"main","level":"INFO","level_value":20000,"appName":"account-posting","requestType":"IMX_CBS_GL","postingId":"3","e2eRef":"E2E-IT-1002","app":"account-posting"}
{"timestamp":"2026-03-22T06:05:30.657648Z","@version":"1","message":"Added leg postingLegId=5 postingId=3 targetSystem=CBS status=PENDING","logger":"com.accountposting.service.impl.AccountPostingLegServiceImpl","thread":"main","level":"INFO","level_value":20000,"appName":"account-posting","requestType":"IMX_CBS_GL","postingId":"3","e2eRef":"E2E-IT-1002","app":"account-posting"}
{"timestamp":"2026-03-22T06:05:30.657648Z","@version":"1","message":"Pre-inserted PENDING leg#5 targetSystem=CBS","logger":"com.accountposting.service.impl.AccountPostingServiceImpl","thread":"main","level":"INFO","level_value":20000,"appName":"account-posting","requestType":"IMX_CBS_GL","postingId":"3","e2eRef":"E2E-IT-1002","app":"account-posting"}
{"timestamp":"2026-03-22T06:05:30.6689764Z","@version":"1","message":"Added leg postingLegId=6 postingId=3 targetSystem=GL status=PENDING","logger":"com.accountposting.service.impl.AccountPostingLegServiceImpl","thread":"main","level":"INFO","level_value":20000,"appName":"account-posting","requestType":"IMX_CBS_GL","postingId":"3","e2eRef":"E2E-IT-1002","app":"account-posting"}
{"timestamp":"2026-03-22T06:05:30.6695048Z","@version":"1","message":"Pre-inserted PENDING leg#6 targetSystem=GL","logger":"com.accountposting.service.impl.AccountPostingServiceImpl","thread":"main","level":"INFO","level_value":20000,"appName":"account-posting","requestType":"IMX_CBS_GL","postingId":"3","e2eRef":"E2E-IT-1002","app":"account-posting"}
{"timestamp":"2026-03-22T06:05:30.6711502Z","@version":"1","message":"CBS CREATE | postingId=3 flow=CBS_POSTING","logger":"com.accountposting.service.strategy.impl.CBSPostingService","thread":"main","level":"INFO","level_value":20000,"appName":"account-posting","requestType":"IMX_CBS_GL","postingId":"3","e2eRef":"E2E-IT-1002","app":"account-posting"}
{"timestamp":"2026-03-22T06:05:30.6716834Z","@version":"1","message":"CBS | leg#5 cbsStatus=SUCCESS","logger":"com.accountposting.service.strategy.impl.CBSPostingService","thread":"main","level":"INFO","level_value":20000,"appName":"account-posting","requestType":"IMX_CBS_GL","postingId":"3","e2eRef":"E2E-IT-1002","app":"account-posting"}
{"timestamp":"2026-03-22T06:05:30.6825353Z","@version":"1","message":"Updated leg postingLegId=5 postingId=3 status: PENDING -> SUCCESS mode=NORM attempt=1","logger":"com.accountposting.service.impl.AccountPostingLegServiceImpl","thread":"main","level":"INFO","level_value":20000,"appName":"account-posting","requestType":"IMX_CBS_GL","postingId":"3","e2eRef":"E2E-IT-1002","app":"account-posting"}
{"timestamp":"2026-03-22T06:05:30.6830686Z","@version":"1","message":"CBS | leg#5 finalStatus=SUCCESS","logger":"com.accountposting.service.strategy.impl.CBSPostingService","thread":"main","level":"INFO","level_value":20000,"appName":"account-posting","requestType":"IMX_CBS_GL","postingId":"3","e2eRef":"E2E-IT-1002","app":"account-posting"}
{"timestamp":"2026-03-22T06:05:30.684134Z","@version":"1","message":"GL CREATE | flow=GL_POSTING","logger":"com.accountposting.service.strategy.impl.GLPostingService","thread":"main","level":"INFO","level_value":20000,"appName":"account-posting","requestType":"IMX_CBS_GL","postingId":"3","e2eRef":"E2E-IT-1002","app":"account-posting"}
{"timestamp":"2026-03-22T06:05:30.6846647Z","@version":"1","message":"GL | leg#6 glStatus=SUCCESS","logger":"com.accountposting.service.strategy.impl.GLPostingService","thread":"main","level":"INFO","level_value":20000,"appName":"account-posting","requestType":"IMX_CBS_GL","postingId":"3","e2eRef":"E2E-IT-1002","app":"account-posting"}
{"timestamp":"2026-03-22T06:05:30.7077523Z","@version":"1","message":"Updated leg postingLegId=6 postingId=3 status: PENDING -> SUCCESS mode=NORM attempt=1","logger":"com.accountposting.service.impl.AccountPostingLegServiceImpl","thread":"main","level":"INFO","level_value":20000,"appName":"account-posting","requestType":"IMX_CBS_GL","postingId":"3","e2eRef":"E2E-IT-1002","app":"account-posting"}
{"timestamp":"2026-03-22T06:05:30.7082901Z","@version":"1","message":"GL | leg#6 finalStatus=SUCCESS","logger":"com.accountposting.service.strategy.impl.GLPostingService","thread":"main","level":"INFO","level_value":20000,"appName":"account-posting","requestType":"IMX_CBS_GL","postingId":"3","e2eRef":"E2E-IT-1002","app":"account-posting"}
{"timestamp":"2026-03-22T06:05:30.7099162Z","@version":"1","message":"Posting completed | status=SUCCESS legs=2","logger":"com.accountposting.service.impl.AccountPostingServiceImpl","thread":"main","level":"INFO","level_value":20000,"appName":"account-posting","requestType":"IMX_CBS_GL","postingId":"3","e2eRef":"E2E-IT-1002","app":"account-posting"}
{"timestamp":"2026-03-22T06:05:30.7424892Z","@version":"1","message":"Posting saved | sourceName=IMX requestType=IMX_OBPM","logger":"com.accountposting.service.impl.AccountPostingServiceImpl","thread":"main","level":"INFO","level_value":20000,"appName":"account-posting","requestType":"IMX_OBPM","postingId":"4","e2eRef":"E2E-IT-1003","app":"account-posting"}
{"timestamp":"2026-03-22T06:05:30.7503529Z","@version":"1","message":"Config loaded | targetSystems=OBPM","logger":"com.accountposting.service.impl.AccountPostingServiceImpl","thread":"main","level":"INFO","level_value":20000,"appName":"account-posting","requestType":"IMX_OBPM","postingId":"4","e2eRef":"E2E-IT-1003","app":"account-posting"}
{"timestamp":"2026-03-22T06:05:30.7566984Z","@version":"1","message":"Added leg postingLegId=7 postingId=4 targetSystem=OBPM status=PENDING","logger":"com.accountposting.service.impl.AccountPostingLegServiceImpl","thread":"main","level":"INFO","level_value":20000,"appName":"account-posting","requestType":"IMX_OBPM","postingId":"4","e2eRef":"E2E-IT-1003","app":"account-posting"}
{"timestamp":"2026-03-22T06:05:30.7572266Z","@version":"1","message":"Pre-inserted PENDING leg#7 targetSystem=OBPM","logger":"com.accountposting.service.impl.AccountPostingServiceImpl","thread":"main","level":"INFO","level_value":20000,"appName":"account-posting","requestType":"IMX_OBPM","postingId":"4","e2eRef":"E2E-IT-1003","app":"account-posting"}
{"timestamp":"2026-03-22T06:05:30.7587975Z","@version":"1","message":"OBPM CREATE | flow=OBPM_POSTING","logger":"com.accountposting.service.strategy.impl.OBPMPostingService","thread":"main","level":"INFO","level_value":20000,"appName":"account-posting","requestType":"IMX_OBPM","postingId":"4","e2eRef":"E2E-IT-1003","app":"account-posting"}
{"timestamp":"2026-03-22T06:05:30.7593446Z","@version":"1","message":"OBPM | leg#7 obpmStatus=SUCCESS","logger":"com.accountposting.service.strategy.impl.OBPMPostingService","thread":"main","level":"INFO","level_value":20000,"appName":"account-posting","requestType":"IMX_OBPM","postingId":"4","e2eRef":"E2E-IT-1003","app":"account-posting"}
{"timestamp":"2026-03-22T06:05:30.7682058Z","@version":"1","message":"Updated leg postingLegId=7 postingId=4 status: PENDING -> SUCCESS mode=NORM attempt=1","logger":"com.accountposting.service.impl.AccountPostingLegServiceImpl","thread":"main","level":"INFO","level_value":20000,"appName":"account-posting","requestType":"IMX_OBPM","postingId":"4","e2eRef":"E2E-IT-1003","app":"account-posting"}
{"timestamp":"2026-03-22T06:05:30.7682058Z","@version":"1","message":"OBPM | leg#7 finalStatus=SUCCESS","logger":"com.accountposting.service.strategy.impl.OBPMPostingService","thread":"main","level":"INFO","level_value":20000,"appName":"account-posting","requestType":"IMX_OBPM","postingId":"4","e2eRef":"E2E-IT-1003","app":"account-posting"}
{"timestamp":"2026-03-22T06:05:30.7692925Z","@version":"1","message":"Posting completed | status=SUCCESS legs=1","logger":"com.accountposting.service.impl.AccountPostingServiceImpl","thread":"main","level":"INFO","level_value":20000,"appName":"account-posting","requestType":"IMX_OBPM","postingId":"4","e2eRef":"E2E-IT-1003","app":"account-posting"}
{"timestamp":"2026-03-22T06:05:30.7856462Z","@version":"1","message":"Posting saved | sourceName=IMX requestType=IMX_OBPM","logger":"com.accountposting.service.impl.AccountPostingServiceImpl","thread":"main","level":"INFO","level_value":20000,"appName":"account-posting","requestType":"IMX_OBPM","postingId":"5","e2eRef":"E2E-IT-1004","app":"account-posting"}
{"timestamp":"2026-03-22T06:05:30.791921Z","@version":"1","message":"Config loaded | targetSystems=OBPM","logger":"com.accountposting.service.impl.AccountPostingServiceImpl","thread":"main","level":"INFO","level_value":20000,"appName":"account-posting","requestType":"IMX_OBPM","postingId":"5","e2eRef":"E2E-IT-1004","app":"account-posting"}
{"timestamp":"2026-03-22T06:05:30.7967213Z","@version":"1","message":"Added leg postingLegId=8 postingId=5 targetSystem=OBPM status=PENDING","logger":"com.accountposting.service.impl.AccountPostingLegServiceImpl","thread":"main","level":"INFO","level_value":20000,"appName":"account-posting","requestType":"IMX_OBPM","postingId":"5","e2eRef":"E2E-IT-1004","app":"account-posting"}
{"timestamp":"2026-03-22T06:05:30.7972518Z","@version":"1","message":"Pre-inserted PENDING leg#8 targetSystem=OBPM","logger":"com.accountposting.service.impl.AccountPostingServiceImpl","thread":"main","level":"INFO","level_value":20000,"appName":"account-posting","requestType":"IMX_OBPM","postingId":"5","e2eRef":"E2E-IT-1004","app":"account-posting"}
{"timestamp":"2026-03-22T06:05:30.7977707Z","@version":"1","message":"OBPM CREATE | flow=OBPM_POSTING","logger":"com.accountposting.service.strategy.impl.OBPMPostingService","thread":"main","level":"INFO","level_value":20000,"appName":"account-posting","requestType":"IMX_OBPM","postingId":"5","e2eRef":"E2E-IT-1004","app":"account-posting"}
{"timestamp":"2026-03-22T06:05:30.7982966Z","@version":"1","message":"OBPM | leg#8 obpmStatus=SUCCESS","logger":"com.accountposting.service.strategy.impl.OBPMPostingService","thread":"main","level":"INFO","level_value":20000,"appName":"account-posting","requestType":"IMX_OBPM","postingId":"5","e2eRef":"E2E-IT-1004","app":"account-posting"}
{"timestamp":"2026-03-22T06:05:30.8057844Z","@version":"1","message":"Updated leg postingLegId=8 postingId=5 status: PENDING -> SUCCESS mode=NORM attempt=1","logger":"com.accountposting.service.impl.AccountPostingLegServiceImpl","thread":"main","level":"INFO","level_value":20000,"appName":"account-posting","requestType":"IMX_OBPM","postingId":"5","e2eRef":"E2E-IT-1004","app":"account-posting"}
{"timestamp":"2026-03-22T06:05:30.8063103Z","@version":"1","message":"OBPM | leg#8 finalStatus=SUCCESS","logger":"com.accountposting.service.strategy.impl.OBPMPostingService","thread":"main","level":"INFO","level_value":20000,"appName":"account-posting","requestType":"IMX_OBPM","postingId":"5","e2eRef":"E2E-IT-1004","app":"account-posting"}
{"timestamp":"2026-03-22T06:05:30.8073667Z","@version":"1","message":"Posting completed | status=SUCCESS legs=1","logger":"com.accountposting.service.impl.AccountPostingServiceImpl","thread":"main","level":"INFO","level_value":20000,"appName":"account-posting","requestType":"IMX_OBPM","postingId":"5","e2eRef":"E2E-IT-1004","app":"account-posting"}
{"timestamp":"2026-03-22T06:05:30.8306445Z","@version":"1","message":"Posting saved | sourceName=RMS requestType=FED_RETURN","logger":"com.accountposting.service.impl.AccountPostingServiceImpl","thread":"main","level":"INFO","level_value":20000,"appName":"account-posting","requestType":"FED_RETURN","postingId":"6","e2eRef":"E2E-IT-1005","app":"account-posting"}
{"timestamp":"2026-03-22T06:05:30.8386571Z","@version":"1","message":"Config loaded | targetSystems=CBS_GL","logger":"com.accountposting.service.impl.AccountPostingServiceImpl","thread":"main","level":"INFO","level_value":20000,"appName":"account-posting","requestType":"FED_RETURN","postingId":"6","e2eRef":"E2E-IT-1005","app":"account-posting"}
{"timestamp":"2026-03-22T06:05:30.8440544Z","@version":"1","message":"Added leg postingLegId=9 postingId=6 targetSystem=CBS status=PENDING","logger":"com.accountposting.service.impl.AccountPostingLegServiceImpl","thread":"main","level":"INFO","level_value":20000,"appName":"account-posting","requestType":"FED_RETURN","postingId":"6","e2eRef":"E2E-IT-1005","app":"account-posting"}
{"timestamp":"2026-03-22T06:05:30.8445785Z","@version":"1","message":"Pre-inserted PENDING leg#9 targetSystem=CBS","logger":"com.accountposting.service.impl.AccountPostingServiceImpl","thread":"main","level":"INFO","level_value":20000,"appName":"account-posting","requestType":"FED_RETURN","postingId":"6","e2eRef":"E2E-IT-1005","app":"account-posting"}
{"timestamp":"2026-03-22T06:05:30.8494152Z","@version":"1","message":"Added leg postingLegId=10 postingId=6 targetSystem=GL status=PENDING","logger":"com.accountposting.service.impl.AccountPostingLegServiceImpl","thread":"main","level":"INFO","level_value":20000,"appName":"account-posting","requestType":"FED_RETURN","postingId":"6","e2eRef":"E2E-IT-1005","app":"account-posting"}
{"timestamp":"2026-03-22T06:05:30.8499458Z","@version":"1","message":"Pre-inserted PENDING leg#10 targetSystem=GL","logger":"com.accountposting.service.impl.AccountPostingServiceImpl","thread":"main","level":"INFO","level_value":20000,"appName":"account-posting","requestType":"FED_RETURN","postingId":"6","e2eRef":"E2E-IT-1005","app":"account-posting"}
{"timestamp":"2026-03-22T06:05:30.8504727Z","@version":"1","message":"CBS CREATE | postingId=6 flow=CBS_POSTING","logger":"com.accountposting.service.strategy.impl.CBSPostingService","thread":"main","level":"INFO","level_value":20000,"appName":"account-posting","requestType":"FED_RETURN","postingId":"6","e2eRef":"E2E-IT-1005","app":"account-posting"}
{"timestamp":"2026-03-22T06:05:30.8504727Z","@version":"1","message":"CBS | leg#9 cbsStatus=SUCCESS","logger":"com.accountposting.service.strategy.impl.CBSPostingService","thread":"main","level":"INFO","level_value":20000,"appName":"account-posting","requestType":"FED_RETURN","postingId":"6","e2eRef":"E2E-IT-1005","app":"account-posting"}
{"timestamp":"2026-03-22T06:05:30.8568711Z","@version":"1","message":"Updated leg postingLegId=9 postingId=6 status: PENDING -> SUCCESS mode=NORM attempt=1","logger":"com.accountposting.service.impl.AccountPostingLegServiceImpl","thread":"main","level":"INFO","level_value":20000,"appName":"account-posting","requestType":"FED_RETURN","postingId":"6","e2eRef":"E2E-IT-1005","app":"account-posting"}
{"timestamp":"2026-03-22T06:05:30.8568711Z","@version":"1","message":"CBS | leg#9 finalStatus=SUCCESS","logger":"com.accountposting.service.strategy.impl.CBSPostingService","thread":"main","level":"INFO","level_value":20000,"appName":"account-posting","requestType":"FED_RETURN","postingId":"6","e2eRef":"E2E-IT-1005","app":"account-posting"}
{"timestamp":"2026-03-22T06:05:30.8579289Z","@version":"1","message":"GL CREATE | flow=GL_POSTING","logger":"com.accountposting.service.strategy.impl.GLPostingService","thread":"main","level":"INFO","level_value":20000,"appName":"account-posting","requestType":"FED_RETURN","postingId":"6","e2eRef":"E2E-IT-1005","app":"account-posting"}
{"timestamp":"2026-03-22T06:05:30.8579289Z","@version":"1","message":"GL | leg#10 glStatus=SUCCESS","logger":"com.accountposting.service.strategy.impl.GLPostingService","thread":"main","level":"INFO","level_value":20000,"appName":"account-posting","requestType":"FED_RETURN","postingId":"6","e2eRef":"E2E-IT-1005","app":"account-posting"}
{"timestamp":"2026-03-22T06:05:30.8705431Z","@version":"1","message":"Updated leg postingLegId=10 postingId=6 status: PENDING -> SUCCESS mode=NORM attempt=1","logger":"com.accountposting.service.impl.AccountPostingLegServiceImpl","thread":"main","level":"INFO","level_value":20000,"appName":"account-posting","requestType":"FED_RETURN","postingId":"6","e2eRef":"E2E-IT-1005","app":"account-posting"}
{"timestamp":"2026-03-22T06:05:30.8710604Z","@version":"1","message":"GL | leg#10 finalStatus=SUCCESS","logger":"com.accountposting.service.strategy.impl.GLPostingService","thread":"main","level":"INFO","level_value":20000,"appName":"account-posting","requestType":"FED_RETURN","postingId":"6","e2eRef":"E2E-IT-1005","app":"account-posting"}
{"timestamp":"2026-03-22T06:05:30.872098Z","@version":"1","message":"Posting completed | status=SUCCESS legs=2","logger":"com.accountposting.service.impl.AccountPostingServiceImpl","thread":"main","level":"INFO","level_value":20000,"appName":"account-posting","requestType":"FED_RETURN","postingId":"6","e2eRef":"E2E-IT-1005","app":"account-posting"}
{"timestamp":"2026-03-22T06:05:30.8894706Z","@version":"1","message":"Posting saved | sourceName=RMS requestType=FED_RETURN","logger":"com.accountposting.service.impl.AccountPostingServiceImpl","thread":"main","level":"INFO","level_value":20000,"appName":"account-posting","requestType":"FED_RETURN","postingId":"7","e2eRef":"E2E-IT-1006","app":"account-posting"}
{"timestamp":"2026-03-22T06:05:30.895525Z","@version":"1","message":"Config loaded | targetSystems=CBS_GL","logger":"com.accountposting.service.impl.AccountPostingServiceImpl","thread":"main","level":"INFO","level_value":20000,"appName":"account-posting","requestType":"FED_RETURN","postingId":"7","e2eRef":"E2E-IT-1006","app":"account-posting"}
{"timestamp":"2026-03-22T06:05:30.900182Z","@version":"1","message":"Added leg postingLegId=11 postingId=7 targetSystem=CBS status=PENDING","logger":"com.accountposting.service.impl.AccountPostingLegServiceImpl","thread":"main","level":"INFO","level_value":20000,"appName":"account-posting","requestType":"FED_RETURN","postingId":"7","e2eRef":"E2E-IT-1006","app":"account-posting"}
{"timestamp":"2026-03-22T06:05:30.9007068Z","@version":"1","message":"Pre-inserted PENDING leg#11 targetSystem=CBS","logger":"com.accountposting.service.impl.AccountPostingServiceImpl","thread":"main","level":"INFO","level_value":20000,"appName":"account-posting","requestType":"FED_RETURN","postingId":"7","e2eRef":"E2E-IT-1006","app":"account-posting"}
{"timestamp":"2026-03-22T06:05:30.9054342Z","@version":"1","message":"Added leg postingLegId=12 postingId=7 targetSystem=GL status=PENDING","logger":"com.accountposting.service.impl.AccountPostingLegServiceImpl","thread":"main","level":"INFO","level_value":20000,"appName":"account-posting","requestType":"FED_RETURN","postingId":"7","e2eRef":"E2E-IT-1006","app":"account-posting"}
{"timestamp":"2026-03-22T06:05:30.9059727Z","@version":"1","message":"Pre-inserted PENDING leg#12 targetSystem=GL","logger":"com.accountposting.service.impl.AccountPostingServiceImpl","thread":"main","level":"INFO","level_value":20000,"appName":"account-posting","requestType":"FED_RETURN","postingId":"7","e2eRef":"E2E-IT-1006","app":"account-posting"}
{"timestamp":"2026-03-22T06:05:30.9065026Z","@version":"1","message":"CBS CREATE | postingId=7 flow=CBS_POSTING","logger":"com.accountposting.service.strategy.impl.CBSPostingService","thread":"main","level":"INFO","level_value":20000,"appName":"account-posting","requestType":"FED_RETURN","postingId":"7","e2eRef":"E2E-IT-1006","app":"account-posting"}
{"timestamp":"2026-03-22T06:05:30.9065026Z","@version":"1","message":"CBS | leg#11 cbsStatus=SUCCESS","logger":"com.accountposting.service.strategy.impl.CBSPostingService","thread":"main","level":"INFO","level_value":20000,"appName":"account-posting","requestType":"FED_RETURN","postingId":"7","e2eRef":"E2E-IT-1006","app":"account-posting"}
{"timestamp":"2026-03-22T06:05:30.9124377Z","@version":"1","message":"Updated leg postingLegId=11 postingId=7 status: PENDING -> SUCCESS mode=NORM attempt=1","logger":"com.accountposting.service.impl.AccountPostingLegServiceImpl","thread":"main","level":"INFO","level_value":20000,"appName":"account-posting","requestType":"FED_RETURN","postingId":"7","e2eRef":"E2E-IT-1006","app":"account-posting"}
{"timestamp":"2026-03-22T06:05:30.9129624Z","@version":"1","message":"CBS | leg#11 finalStatus=SUCCESS","logger":"com.accountposting.service.strategy.impl.CBSPostingService","thread":"main","level":"INFO","level_value":20000,"appName":"account-posting","requestType":"FED_RETURN","postingId":"7","e2eRef":"E2E-IT-1006","app":"account-posting"}
{"timestamp":"2026-03-22T06:05:30.9134854Z","@version":"1","message":"GL CREATE | flow=GL_POSTING","logger":"com.accountposting.service.strategy.impl.GLPostingService","thread":"main","level":"INFO","level_value":20000,"appName":"account-posting","requestType":"FED_RETURN","postingId":"7","e2eRef":"E2E-IT-1006","app":"account-posting"}
{"timestamp":"2026-03-22T06:05:30.9134854Z","@version":"1","message":"GL | leg#12 glStatus=SUCCESS","logger":"com.accountposting.service.strategy.impl.GLPostingService","thread":"main","level":"INFO","level_value":20000,"appName":"account-posting","requestType":"FED_RETURN","postingId":"7","e2eRef":"E2E-IT-1006","app":"account-posting"}
{"timestamp":"2026-03-22T06:05:30.9228412Z","@version":"1","message":"Updated leg postingLegId=12 postingId=7 status: PENDING -> SUCCESS mode=NORM attempt=1","logger":"com.accountposting.service.impl.AccountPostingLegServiceImpl","thread":"main","level":"INFO","level_value":20000,"appName":"account-posting","requestType":"FED_RETURN","postingId":"7","e2eRef":"E2E-IT-1006","app":"account-posting"}
{"timestamp":"2026-03-22T06:05:30.9234076Z","@version":"1","message":"GL | leg#12 finalStatus=SUCCESS","logger":"com.accountposting.service.strategy.impl.GLPostingService","thread":"main","level":"INFO","level_value":20000,"appName":"account-posting","requestType":"FED_RETURN","postingId":"7","e2eRef":"E2E-IT-1006","app":"account-posting"}
{"timestamp":"2026-03-22T06:05:30.9239301Z","@version":"1","message":"Posting completed | status=SUCCESS legs=2","logger":"com.accountposting.service.impl.AccountPostingServiceImpl","thread":"main","level":"INFO","level_value":20000,"appName":"account-posting","requestType":"FED_RETURN","postingId":"7","e2eRef":"E2E-IT-1006","app":"account-posting"}
{"timestamp":"2026-03-22T06:05:30.9397769Z","@version":"1","message":"Posting saved | sourceName=IMX requestType=GL_RETURN","logger":"com.accountposting.service.impl.AccountPostingServiceImpl","thread":"main","level":"INFO","level_value":20000,"appName":"account-posting","requestType":"GL_RETURN","postingId":"8","e2eRef":"E2E-IT-1007","app":"account-posting"}
{"timestamp":"2026-03-22T06:05:30.9439397Z","@version":"1","message":"Config loaded | targetSystems=GL","logger":"com.accountposting.service.impl.AccountPostingServiceImpl","thread":"main","level":"INFO","level_value":20000,"appName":"account-posting","requestType":"GL_RETURN","postingId":"8","e2eRef":"E2E-IT-1007","app":"account-posting"}
{"timestamp":"2026-03-22T06:05:30.9475875Z","@version":"1","message":"Added leg postingLegId=13 postingId=8 targetSystem=GL status=PENDING","logger":"com.accountposting.service.impl.AccountPostingLegServiceImpl","thread":"main","level":"INFO","level_value":20000,"appName":"account-posting","requestType":"GL_RETURN","postingId":"8","e2eRef":"E2E-IT-1007","app":"account-posting"}
{"timestamp":"2026-03-22T06:05:30.9481035Z","@version":"1","message":"Pre-inserted PENDING leg#13 targetSystem=GL","logger":"com.accountposting.service.impl.AccountPostingServiceImpl","thread":"main","level":"INFO","level_value":20000,"appName":"account-posting","requestType":"GL_RETURN","postingId":"8","e2eRef":"E2E-IT-1007","app":"account-posting"}
{"timestamp":"2026-03-22T06:05:30.9481035Z","@version":"1","message":"GL CREATE | flow=GL_POSTING","logger":"com.accountposting.service.strategy.impl.GLPostingService","thread":"main","level":"INFO","level_value":20000,"appName":"account-posting","requestType":"GL_RETURN","postingId":"8","e2eRef":"E2E-IT-1007","app":"account-posting"}
{"timestamp":"2026-03-22T06:05:30.9481035Z","@version":"1","message":"GL | leg#13 glStatus=SUCCESS","logger":"com.accountposting.service.strategy.impl.GLPostingService","thread":"main","level":"INFO","level_value":20000,"appName":"account-posting","requestType":"GL_RETURN","postingId":"8","e2eRef":"E2E-IT-1007","app":"account-posting"}
{"timestamp":"2026-03-22T06:05:30.9537794Z","@version":"1","message":"Updated leg postingLegId=13 postingId=8 status: PENDING -> SUCCESS mode=NORM attempt=1","logger":"com.accountposting.service.impl.AccountPostingLegServiceImpl","thread":"main","level":"INFO","level_value":20000,"appName":"account-posting","requestType":"GL_RETURN","postingId":"8","e2eRef":"E2E-IT-1007","app":"account-posting"}
{"timestamp":"2026-03-22T06:05:30.9543023Z","@version":"1","message":"GL | leg#13 finalStatus=SUCCESS","logger":"com.accountposting.service.strategy.impl.GLPostingService","thread":"main","level":"INFO","level_value":20000,"appName":"account-posting","requestType":"GL_RETURN","postingId":"8","e2eRef":"E2E-IT-1007","app":"account-posting"}
{"timestamp":"2026-03-22T06:05:30.9548212Z","@version":"1","message":"Posting completed | status=SUCCESS legs=1","logger":"com.accountposting.service.impl.AccountPostingServiceImpl","thread":"main","level":"INFO","level_value":20000,"appName":"account-posting","requestType":"GL_RETURN","postingId":"8","e2eRef":"E2E-IT-1007","app":"account-posting"}
{"timestamp":"2026-03-22T06:05:30.9695952Z","@version":"1","message":"Posting saved | sourceName=RMS requestType=MCA_RETURN","logger":"com.accountposting.service.impl.AccountPostingServiceImpl","thread":"main","level":"INFO","level_value":20000,"appName":"account-posting","requestType":"MCA_RETURN","postingId":"9","e2eRef":"E2E-IT-1008","app":"account-posting"}
{"timestamp":"2026-03-22T06:05:30.9737966Z","@version":"1","message":"Config loaded | targetSystems=CBS","logger":"com.accountposting.service.impl.AccountPostingServiceImpl","thread":"main","level":"INFO","level_value":20000,"appName":"account-posting","requestType":"MCA_RETURN","postingId":"9","e2eRef":"E2E-IT-1008","app":"account-posting"}
{"timestamp":"2026-03-22T06:05:30.9769349Z","@version":"1","message":"Added leg postingLegId=14 postingId=9 targetSystem=CBS status=PENDING","logger":"com.accountposting.service.impl.AccountPostingLegServiceImpl","thread":"main","level":"INFO","level_value":20000,"appName":"account-posting","requestType":"MCA_RETURN","postingId":"9","e2eRef":"E2E-IT-1008","app":"account-posting"}
{"timestamp":"2026-03-22T06:05:30.9774551Z","@version":"1","message":"Pre-inserted PENDING leg#14 targetSystem=CBS","logger":"com.accountposting.service.impl.AccountPostingServiceImpl","thread":"main","level":"INFO","level_value":20000,"appName":"account-posting","requestType":"MCA_RETURN","postingId":"9","e2eRef":"E2E-IT-1008","app":"account-posting"}
{"timestamp":"2026-03-22T06:05:30.9779724Z","@version":"1","message":"CBS CREATE | postingId=9 flow=CBS_POSTING","logger":"com.accountposting.service.strategy.impl.CBSPostingService","thread":"main","level":"INFO","level_value":20000,"appName":"account-posting","requestType":"MCA_RETURN","postingId":"9","e2eRef":"E2E-IT-1008","app":"account-posting"}
{"timestamp":"2026-03-22T06:05:30.9784896Z","@version":"1","message":"CBS | leg#14 cbsStatus=SUCCESS","logger":"com.accountposting.service.strategy.impl.CBSPostingService","thread":"main","level":"INFO","level_value":20000,"appName":"account-posting","requestType":"MCA_RETURN","postingId":"9","e2eRef":"E2E-IT-1008","app":"account-posting"}
{"timestamp":"2026-03-22T06:05:30.9831615Z","@version":"1","message":"Updated leg postingLegId=14 postingId=9 status: PENDING -> SUCCESS mode=NORM attempt=1","logger":"com.accountposting.service.impl.AccountPostingLegServiceImpl","thread":"main","level":"INFO","level_value":20000,"appName":"account-posting","requestType":"MCA_RETURN","postingId":"9","e2eRef":"E2E-IT-1008","app":"account-posting"}
{"timestamp":"2026-03-22T06:05:30.9836804Z","@version":"1","message":"CBS | leg#14 finalStatus=SUCCESS","logger":"com.accountposting.service.strategy.impl.CBSPostingService","thread":"main","level":"INFO","level_value":20000,"appName":"account-posting","requestType":"MCA_RETURN","postingId":"9","e2eRef":"E2E-IT-1008","app":"account-posting"}
{"timestamp":"2026-03-22T06:05:30.9842315Z","@version":"1","message":"Posting completed | status=SUCCESS legs=1","logger":"com.accountposting.service.impl.AccountPostingServiceImpl","thread":"main","level":"INFO","level_value":20000,"appName":"account-posting","requestType":"MCA_RETURN","postingId":"9","e2eRef":"E2E-IT-1008","app":"account-posting"}
{"timestamp":"2026-03-22T06:05:30.9963742Z","@version":"1","message":"Posting saved | sourceName=STABLECOIN requestType=BUY_CUSTOMER_POSTNG","logger":"com.accountposting.service.impl.AccountPostingServiceImpl","thread":"main","level":"INFO","level_value":20000,"appName":"account-posting","requestType":"BUY_CUSTOMER_POSTNG","postingId":"10","e2eRef":"E2E-IT-1009","app":"account-posting"}
{"timestamp":"2026-03-22T06:05:31.0041832Z","@version":"1","message":"Config loaded | targetSystems=OBPM_GL","logger":"com.accountposting.service.impl.AccountPostingServiceImpl","thread":"main","level":"INFO","level_value":20000,"appName":"account-posting","requestType":"BUY_CUSTOMER_POSTNG","postingId":"10","e2eRef":"E2E-IT-1009","app":"account-posting"}
{"timestamp":"2026-03-22T06:05:31.0078454Z","@version":"1","message":"Added leg postingLegId=15 postingId=10 targetSystem=OBPM status=PENDING","logger":"com.accountposting.service.impl.AccountPostingLegServiceImpl","thread":"main","level":"INFO","level_value":20000,"appName":"account-posting","requestType":"BUY_CUSTOMER_POSTNG","postingId":"10","e2eRef":"E2E-IT-1009","app":"account-posting"}
{"timestamp":"2026-03-22T06:05:31.00837Z","@version":"1","message":"Pre-inserted PENDING leg#15 targetSystem=OBPM","logger":"com.accountposting.service.impl.AccountPostingServiceImpl","thread":"main","level":"INFO","level_value":20000,"appName":"account-posting","requestType":"BUY_CUSTOMER_POSTNG","postingId":"10","e2eRef":"E2E-IT-1009","app":"account-posting"}
{"timestamp":"2026-03-22T06:05:31.0121023Z","@version":"1","message":"Added leg postingLegId=16 postingId=10 targetSystem=GL status=PENDING","logger":"com.accountposting.service.impl.AccountPostingLegServiceImpl","thread":"main","level":"INFO","level_value":20000,"appName":"account-posting","requestType":"BUY_CUSTOMER_POSTNG","postingId":"10","e2eRef":"E2E-IT-1009","app":"account-posting"}
{"timestamp":"2026-03-22T06:05:31.012628Z","@version":"1","message":"Pre-inserted PENDING leg#16 targetSystem=GL","logger":"com.accountposting.service.impl.AccountPostingServiceImpl","thread":"main","level":"INFO","level_value":20000,"appName":"account-posting","requestType":"BUY_CUSTOMER_POSTNG","postingId":"10","e2eRef":"E2E-IT-1009","app":"account-posting"}
{"timestamp":"2026-03-22T06:05:31.0131561Z","@version":"1","message":"OBPM CREATE | flow=OBPM_POSTING","logger":"com.accountposting.service.strategy.impl.OBPMPostingService","thread":"main","level":"INFO","level_value":20000,"appName":"account-posting","requestType":"BUY_CUSTOMER_POSTNG","postingId":"10","e2eRef":"E2E-IT-1009","app":"account-posting"}
{"timestamp":"2026-03-22T06:05:31.0131561Z","@version":"1","message":"OBPM | leg#15 obpmStatus=SUCCESS","logger":"com.accountposting.service.strategy.impl.OBPMPostingService","thread":"main","level":"INFO","level_value":20000,"appName":"account-posting","requestType":"BUY_CUSTOMER_POSTNG","postingId":"10","e2eRef":"E2E-IT-1009","app":"account-posting"}
{"timestamp":"2026-03-22T06:05:31.0178772Z","@version":"1","message":"Updated leg postingLegId=15 postingId=10 status: PENDING -> SUCCESS mode=NORM attempt=1","logger":"com.accountposting.service.impl.AccountPostingLegServiceImpl","thread":"main","level":"INFO","level_value":20000,"appName":"account-posting","requestType":"BUY_CUSTOMER_POSTNG","postingId":"10","e2eRef":"E2E-IT-1009","app":"account-posting"}
{"timestamp":"2026-03-22T06:05:31.0178772Z","@version":"1","message":"OBPM | leg#15 finalStatus=SUCCESS","logger":"com.accountposting.service.strategy.impl.OBPMPostingService","thread":"main","level":"INFO","level_value":20000,"appName":"account-posting","requestType":"BUY_CUSTOMER_POSTNG","postingId":"10","e2eRef":"E2E-IT-1009","app":"account-posting"}
{"timestamp":"2026-03-22T06:05:31.0183964Z","@version":"1","message":"GL CREATE | flow=GL_POSTING","logger":"com.accountposting.service.strategy.impl.GLPostingService","thread":"main","level":"INFO","level_value":20000,"appName":"account-posting","requestType":"BUY_CUSTOMER_POSTNG","postingId":"10","e2eRef":"E2E-IT-1009","app":"account-posting"}
{"timestamp":"2026-03-22T06:05:31.0183964Z","@version":"1","message":"GL | leg#16 glStatus=SUCCESS","logger":"com.accountposting.service.strategy.impl.GLPostingService","thread":"main","level":"INFO","level_value":20000,"appName":"account-posting","requestType":"BUY_CUSTOMER_POSTNG","postingId":"10","e2eRef":"E2E-IT-1009","app":"account-posting"}
{"timestamp":"2026-03-22T06:05:31.0274857Z","@version":"1","message":"Updated leg postingLegId=16 postingId=10 status: PENDING -> SUCCESS mode=NORM attempt=1","logger":"com.accountposting.service.impl.AccountPostingLegServiceImpl","thread":"main","level":"INFO","level_value":20000,"appName":"account-posting","requestType":"BUY_CUSTOMER_POSTNG","postingId":"10","e2eRef":"E2E-IT-1009","app":"account-posting"}
{"timestamp":"2026-03-22T06:05:31.0274857Z","@version":"1","message":"GL | leg#16 finalStatus=SUCCESS","logger":"com.accountposting.service.strategy.impl.GLPostingService","thread":"main","level":"INFO","level_value":20000,"appName":"account-posting","requestType":"BUY_CUSTOMER_POSTNG","postingId":"10","e2eRef":"E2E-IT-1009","app":"account-posting"}
{"timestamp":"2026-03-22T06:05:31.0280029Z","@version":"1","message":"Posting completed | status=SUCCESS legs=2","logger":"com.accountposting.service.impl.AccountPostingServiceImpl","thread":"main","level":"INFO","level_value":20000,"appName":"account-posting","requestType":"BUY_CUSTOMER_POSTNG","postingId":"10","e2eRef":"E2E-IT-1009","app":"account-posting"}
{"timestamp":"2026-03-22T06:05:31.042551Z","@version":"1","message":"Posting saved | sourceName=STABLECOIN requestType=BUY_CUSTOMER_POSTNG","logger":"com.accountposting.service.impl.AccountPostingServiceImpl","thread":"main","level":"INFO","level_value":20000,"appName":"account-posting","requestType":"BUY_CUSTOMER_POSTNG","postingId":"11","e2eRef":"E2E-IT-1010","app":"account-posting"}
{"timestamp":"2026-03-22T06:05:31.0456568Z","@version":"1","message":"Config loaded | targetSystems=OBPM_GL","logger":"com.accountposting.service.impl.AccountPostingServiceImpl","thread":"main","level":"INFO","level_value":20000,"appName":"account-posting","requestType":"BUY_CUSTOMER_POSTNG","postingId":"11","e2eRef":"E2E-IT-1010","app":"account-posting"}
{"timestamp":"2026-03-22T06:05:31.0493119Z","@version":"1","message":"Added leg postingLegId=17 postingId=11 targetSystem=OBPM status=PENDING","logger":"com.accountposting.service.impl.AccountPostingLegServiceImpl","thread":"main","level":"INFO","level_value":20000,"appName":"account-posting","requestType":"BUY_CUSTOMER_POSTNG","postingId":"11","e2eRef":"E2E-IT-1010","app":"account-posting"}
{"timestamp":"2026-03-22T06:05:31.0493119Z","@version":"1","message":"Pre-inserted PENDING leg#17 targetSystem=OBPM","logger":"com.accountposting.service.impl.AccountPostingServiceImpl","thread":"main","level":"INFO","level_value":20000,"appName":"account-posting","requestType":"BUY_CUSTOMER_POSTNG","postingId":"11","e2eRef":"E2E-IT-1010","app":"account-posting"}
{"timestamp":"2026-03-22T06:05:31.0524202Z","@version":"1","message":"Added leg postingLegId=18 postingId=11 targetSystem=GL status=PENDING","logger":"com.accountposting.service.impl.AccountPostingLegServiceImpl","thread":"main","level":"INFO","level_value":20000,"appName":"account-posting","requestType":"BUY_CUSTOMER_POSTNG","postingId":"11","e2eRef":"E2E-IT-1010","app":"account-posting"}
{"timestamp":"2026-03-22T06:05:31.0524202Z","@version":"1","message":"Pre-inserted PENDING leg#18 targetSystem=GL","logger":"com.accountposting.service.impl.AccountPostingServiceImpl","thread":"main","level":"INFO","level_value":20000,"appName":"account-posting","requestType":"BUY_CUSTOMER_POSTNG","postingId":"11","e2eRef":"E2E-IT-1010","app":"account-posting"}
{"timestamp":"2026-03-22T06:05:31.0529695Z","@version":"1","message":"OBPM CREATE | flow=OBPM_POSTING","logger":"com.accountposting.service.strategy.impl.OBPMPostingService","thread":"main","level":"INFO","level_value":20000,"appName":"account-posting","requestType":"BUY_CUSTOMER_POSTNG","postingId":"11","e2eRef":"E2E-IT-1010","app":"account-posting"}
{"timestamp":"2026-03-22T06:05:31.0534858Z","@version":"1","message":"OBPM | leg#17 obpmStatus=SUCCESS","logger":"com.accountposting.service.strategy.impl.OBPMPostingService","thread":"main","level":"INFO","level_value":20000,"appName":"account-posting","requestType":"BUY_CUSTOMER_POSTNG","postingId":"11","e2eRef":"E2E-IT-1010","app":"account-posting"}
{"timestamp":"2026-03-22T06:05:31.0592205Z","@version":"1","message":"Updated leg postingLegId=17 postingId=11 status: PENDING -> SUCCESS mode=NORM attempt=1","logger":"com.accountposting.service.impl.AccountPostingLegServiceImpl","thread":"main","level":"INFO","level_value":20000,"appName":"account-posting","requestType":"BUY_CUSTOMER_POSTNG","postingId":"11","e2eRef":"E2E-IT-1010","app":"account-posting"}
{"timestamp":"2026-03-22T06:05:31.0592205Z","@version":"1","message":"OBPM | leg#17 finalStatus=SUCCESS","logger":"com.accountposting.service.strategy.impl.OBPMPostingService","thread":"main","level":"INFO","level_value":20000,"appName":"account-posting","requestType":"BUY_CUSTOMER_POSTNG","postingId":"11","e2eRef":"E2E-IT-1010","app":"account-posting"}
{"timestamp":"2026-03-22T06:05:31.0602261Z","@version":"1","message":"GL CREATE | flow=GL_POSTING","logger":"com.accountposting.service.strategy.impl.GLPostingService","thread":"main","level":"INFO","level_value":20000,"appName":"account-posting","requestType":"BUY_CUSTOMER_POSTNG","postingId":"11","e2eRef":"E2E-IT-1010","app":"account-posting"}
{"timestamp":"2026-03-22T06:05:31.0612266Z","@version":"1","message":"GL | leg#18 glStatus=SUCCESS","logger":"com.accountposting.service.strategy.impl.GLPostingService","thread":"main","level":"INFO","level_value":20000,"appName":"account-posting","requestType":"BUY_CUSTOMER_POSTNG","postingId":"11","e2eRef":"E2E-IT-1010","app":"account-posting"}
{"timestamp":"2026-03-22T06:05:31.0679026Z","@version":"1","message":"Updated leg postingLegId=18 postingId=11 status: PENDING -> SUCCESS mode=NORM attempt=1","logger":"com.accountposting.service.impl.AccountPostingLegServiceImpl","thread":"main","level":"INFO","level_value":20000,"appName":"account-posting","requestType":"BUY_CUSTOMER_POSTNG","postingId":"11","e2eRef":"E2E-IT-1010","app":"account-posting"}
{"timestamp":"2026-03-22T06:05:31.0684285Z","@version":"1","message":"GL | leg#18 finalStatus=SUCCESS","logger":"com.accountposting.service.strategy.impl.GLPostingService","thread":"main","level":"INFO","level_value":20000,"appName":"account-posting","requestType":"BUY_CUSTOMER_POSTNG","postingId":"11","e2eRef":"E2E-IT-1010","app":"account-posting"}
{"timestamp":"2026-03-22T06:05:31.0689507Z","@version":"1","message":"Posting completed | status=SUCCESS legs=2","logger":"com.accountposting.service.impl.AccountPostingServiceImpl","thread":"main","level":"INFO","level_value":20000,"appName":"account-posting","requestType":"BUY_CUSTOMER_POSTNG","postingId":"11","e2eRef":"E2E-IT-1010","app":"account-posting"}
{"timestamp":"2026-03-22T06:05:31.0795218Z","@version":"1","message":"Posting saved | sourceName=IMX requestType=ADD_ACCOUNT_HOLD","logger":"com.accountposting.service.impl.AccountPostingServiceImpl","thread":"main","level":"INFO","level_value":20000,"appName":"account-posting","requestType":"ADD_ACCOUNT_HOLD","postingId":"12","e2eRef":"E2E-IT-1011","app":"account-posting"}
{"timestamp":"2026-03-22T06:05:31.0831749Z","@version":"1","message":"Config loaded | targetSystems=CBS","logger":"com.accountposting.service.impl.AccountPostingServiceImpl","thread":"main","level":"INFO","level_value":20000,"appName":"account-posting","requestType":"ADD_ACCOUNT_HOLD","postingId":"12","e2eRef":"E2E-IT-1011","app":"account-posting"}
{"timestamp":"2026-03-22T06:05:31.0857914Z","@version":"1","message":"Added leg postingLegId=19 postingId=12 targetSystem=CBS status=PENDING","logger":"com.accountposting.service.impl.AccountPostingLegServiceImpl","thread":"main","level":"INFO","level_value":20000,"appName":"account-posting","requestType":"ADD_ACCOUNT_HOLD","postingId":"12","e2eRef":"E2E-IT-1011","app":"account-posting"}
{"timestamp":"2026-03-22T06:05:31.0863158Z","@version":"1","message":"Pre-inserted PENDING leg#19 targetSystem=CBS","logger":"com.accountposting.service.impl.AccountPostingServiceImpl","thread":"main","level":"INFO","level_value":20000,"appName":"account-posting","requestType":"ADD_ACCOUNT_HOLD","postingId":"12","e2eRef":"E2E-IT-1011","app":"account-posting"}
{"timestamp":"2026-03-22T06:05:31.0863158Z","@version":"1","message":"CBS CREATE | postingId=12 flow=CBS_POSTING","logger":"com.accountposting.service.strategy.impl.CBSPostingService","thread":"main","level":"INFO","level_value":20000,"appName":"account-posting","requestType":"ADD_ACCOUNT_HOLD","postingId":"12","e2eRef":"E2E-IT-1011","app":"account-posting"}
{"timestamp":"2026-03-22T06:05:31.0868369Z","@version":"1","message":"CBS | leg#19 cbsStatus=SUCCESS","logger":"com.accountposting.service.strategy.impl.CBSPostingService","thread":"main","level":"INFO","level_value":20000,"appName":"account-posting","requestType":"ADD_ACCOUNT_HOLD","postingId":"12","e2eRef":"E2E-IT-1011","app":"account-posting"}
{"timestamp":"2026-03-22T06:05:31.0899989Z","@version":"1","message":"Updated leg postingLegId=19 postingId=12 status: PENDING -> SUCCESS mode=NORM attempt=1","logger":"com.accountposting.service.impl.AccountPostingLegServiceImpl","thread":"main","level":"INFO","level_value":20000,"appName":"account-posting","requestType":"ADD_ACCOUNT_HOLD","postingId":"12","e2eRef":"E2E-IT-1011","app":"account-posting"}
{"timestamp":"2026-03-22T06:05:31.0899989Z","@version":"1","message":"CBS | leg#19 finalStatus=SUCCESS","logger":"com.accountposting.service.strategy.impl.CBSPostingService","thread":"main","level":"INFO","level_value":20000,"appName":"account-posting","requestType":"ADD_ACCOUNT_HOLD","postingId":"12","e2eRef":"E2E-IT-1011","app":"account-posting"}
{"timestamp":"2026-03-22T06:05:31.0905229Z","@version":"1","message":"Posting completed | status=SUCCESS legs=1","logger":"com.accountposting.service.impl.AccountPostingServiceImpl","thread":"main","level":"INFO","level_value":20000,"appName":"account-posting","requestType":"ADD_ACCOUNT_HOLD","postingId":"12","e2eRef":"E2E-IT-1011","app":"account-posting"}
{"timestamp":"2026-03-22T06:05:31.1009514Z","@version":"1","message":"Posting saved | sourceName=IMX requestType=CUSTOMER_POSTING","logger":"com.accountposting.service.impl.AccountPostingServiceImpl","thread":"main","level":"INFO","level_value":20000,"appName":"account-posting","requestType":"CUSTOMER_POSTING","postingId":"13","e2eRef":"E2E-IT-1012","app":"account-posting"}
{"timestamp":"2026-03-22T06:05:31.1046222Z","@version":"1","message":"Config loaded | targetSystems=CBS_OBPM_GL","logger":"com.accountposting.service.impl.AccountPostingServiceImpl","thread":"main","level":"INFO","level_value":20000,"appName":"account-posting","requestType":"CUSTOMER_POSTING","postingId":"13","e2eRef":"E2E-IT-1012","app":"account-posting"}
{"timestamp":"2026-03-22T06:05:31.1072272Z","@version":"1","message":"Added leg postingLegId=20 postingId=13 targetSystem=CBS status=PENDING","logger":"com.accountposting.service.impl.AccountPostingLegServiceImpl","thread":"main","level":"INFO","level_value":20000,"appName":"account-posting","requestType":"CUSTOMER_POSTING","postingId":"13","e2eRef":"E2E-IT-1012","app":"account-posting"}
{"timestamp":"2026-03-22T06:05:31.1078186Z","@version":"1","message":"Pre-inserted PENDING leg#20 targetSystem=CBS","logger":"com.accountposting.service.impl.AccountPostingServiceImpl","thread":"main","level":"INFO","level_value":20000,"appName":"account-posting","requestType":"CUSTOMER_POSTING","postingId":"13","e2eRef":"E2E-IT-1012","app":"account-posting"}
{"timestamp":"2026-03-22T06:05:31.1104342Z","@version":"1","message":"Added leg postingLegId=21 postingId=13 targetSystem=OBPM status=PENDING","logger":"com.accountposting.service.impl.AccountPostingLegServiceImpl","thread":"main","level":"INFO","level_value":20000,"appName":"account-posting","requestType":"CUSTOMER_POSTING","postingId":"13","e2eRef":"E2E-IT-1012","app":"account-posting"}
{"timestamp":"2026-03-22T06:05:31.1110785Z","@version":"1","message":"Pre-inserted PENDING leg#21 targetSystem=OBPM","logger":"com.accountposting.service.impl.AccountPostingServiceImpl","thread":"main","level":"INFO","level_value":20000,"appName":"account-posting","requestType":"CUSTOMER_POSTING","postingId":"13","e2eRef":"E2E-IT-1012","app":"account-posting"}
{"timestamp":"2026-03-22T06:05:31.1142281Z","@version":"1","message":"Added leg postingLegId=22 postingId=13 targetSystem=GL status=PENDING","logger":"com.accountposting.service.impl.AccountPostingLegServiceImpl","thread":"main","level":"INFO","level_value":20000,"appName":"account-posting","requestType":"CUSTOMER_POSTING","postingId":"13","e2eRef":"E2E-IT-1012","app":"account-posting"}
{"timestamp":"2026-03-22T06:05:31.1142281Z","@version":"1","message":"Pre-inserted PENDING leg#22 targetSystem=GL","logger":"com.accountposting.service.impl.AccountPostingServiceImpl","thread":"main","level":"INFO","level_value":20000,"appName":"account-posting","requestType":"CUSTOMER_POSTING","postingId":"13","e2eRef":"E2E-IT-1012","app":"account-posting"}
{"timestamp":"2026-03-22T06:05:31.1147522Z","@version":"1","message":"CBS CREATE | postingId=13 flow=CBS_POSTING","logger":"com.accountposting.service.strategy.impl.CBSPostingService","thread":"main","level":"INFO","level_value":20000,"appName":"account-posting","requestType":"CUSTOMER_POSTING","postingId":"13","e2eRef":"E2E-IT-1012","app":"account-posting"}
{"timestamp":"2026-03-22T06:05:31.1152785Z","@version":"1","message":"CBS | leg#20 cbsStatus=SUCCESS","logger":"com.accountposting.service.strategy.impl.CBSPostingService","thread":"main","level":"INFO","level_value":20000,"appName":"account-posting","requestType":"CUSTOMER_POSTING","postingId":"13","e2eRef":"E2E-IT-1012","app":"account-posting"}
{"timestamp":"2026-03-22T06:05:31.1194608Z","@version":"1","message":"Updated leg postingLegId=20 postingId=13 status: PENDING -> SUCCESS mode=NORM attempt=1","logger":"com.accountposting.service.impl.AccountPostingLegServiceImpl","thread":"main","level":"INFO","level_value":20000,"appName":"account-posting","requestType":"CUSTOMER_POSTING","postingId":"13","e2eRef":"E2E-IT-1012","app":"account-posting"}
{"timestamp":"2026-03-22T06:05:31.1194608Z","@version":"1","message":"CBS | leg#20 finalStatus=SUCCESS","logger":"com.accountposting.service.strategy.impl.CBSPostingService","thread":"main","level":"INFO","level_value":20000,"appName":"account-posting","requestType":"CUSTOMER_POSTING","postingId":"13","e2eRef":"E2E-IT-1012","app":"account-posting"}
{"timestamp":"2026-03-22T06:05:31.119979Z","@version":"1","message":"OBPM CREATE | flow=OBPM_POSTING","logger":"com.accountposting.service.strategy.impl.OBPMPostingService","thread":"main","level":"INFO","level_value":20000,"appName":"account-posting","requestType":"CUSTOMER_POSTING","postingId":"13","e2eRef":"E2E-IT-1012","app":"account-posting"}
{"timestamp":"2026-03-22T06:05:31.119979Z","@version":"1","message":"OBPM | leg#21 obpmStatus=SUCCESS","logger":"com.accountposting.service.strategy.impl.OBPMPostingService","thread":"main","level":"INFO","level_value":20000,"appName":"account-posting","requestType":"CUSTOMER_POSTING","postingId":"13","e2eRef":"E2E-IT-1012","app":"account-posting"}
{"timestamp":"2026-03-22T06:05:31.1273676Z","@version":"1","message":"Updated leg postingLegId=21 postingId=13 status: PENDING -> SUCCESS mode=NORM attempt=1","logger":"com.accountposting.service.impl.AccountPostingLegServiceImpl","thread":"main","level":"INFO","level_value":20000,"appName":"account-posting","requestType":"CUSTOMER_POSTING","postingId":"13","e2eRef":"E2E-IT-1012","app":"account-posting"}
{"timestamp":"2026-03-22T06:05:31.1273676Z","@version":"1","message":"OBPM | leg#21 finalStatus=SUCCESS","logger":"com.accountposting.service.strategy.impl.OBPMPostingService","thread":"main","level":"INFO","level_value":20000,"appName":"account-posting","requestType":"CUSTOMER_POSTING","postingId":"13","e2eRef":"E2E-IT-1012","app":"account-posting"}
{"timestamp":"2026-03-22T06:05:31.1278947Z","@version":"1","message":"GL CREATE | flow=GL_POSTING","logger":"com.accountposting.service.strategy.impl.GLPostingService","thread":"main","level":"INFO","level_value":20000,"appName":"account-posting","requestType":"CUSTOMER_POSTING","postingId":"13","e2eRef":"E2E-IT-1012","app":"account-posting"}
{"timestamp":"2026-03-22T06:05:31.1278947Z","@version":"1","message":"GL | leg#22 glStatus=SUCCESS","logger":"com.accountposting.service.strategy.impl.GLPostingService","thread":"main","level":"INFO","level_value":20000,"appName":"account-posting","requestType":"CUSTOMER_POSTING","postingId":"13","e2eRef":"E2E-IT-1012","app":"account-posting"}
{"timestamp":"2026-03-22T06:05:31.133466Z","@version":"1","message":"Updated leg postingLegId=22 postingId=13 status: PENDING -> SUCCESS mode=NORM attempt=1","logger":"com.accountposting.service.impl.AccountPostingLegServiceImpl","thread":"main","level":"INFO","level_value":20000,"appName":"account-posting","requestType":"CUSTOMER_POSTING","postingId":"13","e2eRef":"E2E-IT-1012","app":"account-posting"}
{"timestamp":"2026-03-22T06:05:31.1339868Z","@version":"1","message":"GL | leg#22 finalStatus=SUCCESS","logger":"com.accountposting.service.strategy.impl.GLPostingService","thread":"main","level":"INFO","level_value":20000,"appName":"account-posting","requestType":"CUSTOMER_POSTING","postingId":"13","e2eRef":"E2E-IT-1012","app":"account-posting"}
{"timestamp":"2026-03-22T06:05:31.1339868Z","@version":"1","message":"Posting completed | status=SUCCESS legs=3","logger":"com.accountposting.service.impl.AccountPostingServiceImpl","thread":"main","level":"INFO","level_value":20000,"appName":"account-posting","requestType":"CUSTOMER_POSTING","postingId":"13","e2eRef":"E2E-IT-1012","app":"account-posting"}
]]></system-out>
  </testcase>
  <testcase name="mixedOutcomes_comprehensiveDataLoad" classname="Bulk data load — all request types + mixed outcomes" time="1.322">
    <system-out><![CDATA[{"timestamp":"2026-03-22T06:05:31.7088374Z","@version":"1","message":"Posting saved | sourceName=IMX requestType=IMX_CBS_GL","logger":"com.accountposting.service.impl.AccountPostingServiceImpl","thread":"main","level":"INFO","level_value":20000,"appName":"account-posting","requestType":"IMX_CBS_GL","postingId":"14","e2eRef":"E2E-IT-1000","app":"account-posting"}
{"timestamp":"2026-03-22T06:05:31.7159035Z","@version":"1","message":"Config loaded | targetSystems=CBS_GL","logger":"com.accountposting.service.impl.AccountPostingServiceImpl","thread":"main","level":"INFO","level_value":20000,"appName":"account-posting","requestType":"IMX_CBS_GL","postingId":"14","e2eRef":"E2E-IT-1000","app":"account-posting"}
{"timestamp":"2026-03-22T06:05:31.7201256Z","@version":"1","message":"Added leg postingLegId=23 postingId=14 targetSystem=CBS status=PENDING","logger":"com.accountposting.service.impl.AccountPostingLegServiceImpl","thread":"main","level":"INFO","level_value":20000,"appName":"account-posting","requestType":"IMX_CBS_GL","postingId":"14","e2eRef":"E2E-IT-1000","app":"account-posting"}
{"timestamp":"2026-03-22T06:05:31.7206416Z","@version":"1","message":"Pre-inserted PENDING leg#23 targetSystem=CBS","logger":"com.accountposting.service.impl.AccountPostingServiceImpl","thread":"main","level":"INFO","level_value":20000,"appName":"account-posting","requestType":"IMX_CBS_GL","postingId":"14","e2eRef":"E2E-IT-1000","app":"account-posting"}
{"timestamp":"2026-03-22T06:05:31.7247989Z","@version":"1","message":"Added leg postingLegId=24 postingId=14 targetSystem=GL status=PENDING","logger":"com.accountposting.service.impl.AccountPostingLegServiceImpl","thread":"main","level":"INFO","level_value":20000,"appName":"account-posting","requestType":"IMX_CBS_GL","postingId":"14","e2eRef":"E2E-IT-1000","app":"account-posting"}
{"timestamp":"2026-03-22T06:05:31.725317Z","@version":"1","message":"Pre-inserted PENDING leg#24 targetSystem=GL","logger":"com.accountposting.service.impl.AccountPostingServiceImpl","thread":"main","level":"INFO","level_value":20000,"appName":"account-posting","requestType":"IMX_CBS_GL","postingId":"14","e2eRef":"E2E-IT-1000","app":"account-posting"}
{"timestamp":"2026-03-22T06:05:31.7258323Z","@version":"1","message":"CBS CREATE | postingId=14 flow=CBS_POSTING","logger":"com.accountposting.service.strategy.impl.CBSPostingService","thread":"main","level":"INFO","level_value":20000,"appName":"account-posting","requestType":"IMX_CBS_GL","postingId":"14","e2eRef":"E2E-IT-1000","app":"account-posting"}
{"timestamp":"2026-03-22T06:05:31.7264425Z","@version":"1","message":"CBS | leg#23 cbsStatus=SUCCESS","logger":"com.accountposting.service.strategy.impl.CBSPostingService","thread":"main","level":"INFO","level_value":20000,"appName":"account-posting","requestType":"IMX_CBS_GL","postingId":"14","e2eRef":"E2E-IT-1000","app":"account-posting"}
{"timestamp":"2026-03-22T06:05:31.7333008Z","@version":"1","message":"Updated leg postingLegId=23 postingId=14 status: PENDING -> SUCCESS mode=NORM attempt=1","logger":"com.accountposting.service.impl.AccountPostingLegServiceImpl","thread":"main","level":"INFO","level_value":20000,"appName":"account-posting","requestType":"IMX_CBS_GL","postingId":"14","e2eRef":"E2E-IT-1000","app":"account-posting"}
{"timestamp":"2026-03-22T06:05:31.7333008Z","@version":"1","message":"CBS | leg#23 finalStatus=SUCCESS","logger":"com.accountposting.service.strategy.impl.CBSPostingService","thread":"main","level":"INFO","level_value":20000,"appName":"account-posting","requestType":"IMX_CBS_GL","postingId":"14","e2eRef":"E2E-IT-1000","app":"account-posting"}
{"timestamp":"2026-03-22T06:05:31.7348158Z","@version":"1","message":"GL CREATE | flow=GL_POSTING","logger":"com.accountposting.service.strategy.impl.GLPostingService","thread":"main","level":"INFO","level_value":20000,"appName":"account-posting","requestType":"IMX_CBS_GL","postingId":"14","e2eRef":"E2E-IT-1000","app":"account-posting"}
{"timestamp":"2026-03-22T06:05:31.7348158Z","@version":"1","message":"GL | leg#24 glStatus=SUCCESS","logger":"com.accountposting.service.strategy.impl.GLPostingService","thread":"main","level":"INFO","level_value":20000,"appName":"account-posting","requestType":"IMX_CBS_GL","postingId":"14","e2eRef":"E2E-IT-1000","app":"account-posting"}
{"timestamp":"2026-03-22T06:05:31.7475468Z","@version":"1","message":"Updated leg postingLegId=24 postingId=14 status: PENDING -> SUCCESS mode=NORM attempt=1","logger":"com.accountposting.service.impl.AccountPostingLegServiceImpl","thread":"main","level":"INFO","level_value":20000,"appName":"account-posting","requestType":"IMX_CBS_GL","postingId":"14","e2eRef":"E2E-IT-1000","app":"account-posting"}
{"timestamp":"2026-03-22T06:05:31.7475468Z","@version":"1","message":"GL | leg#24 finalStatus=SUCCESS","logger":"com.accountposting.service.strategy.impl.GLPostingService","thread":"main","level":"INFO","level_value":20000,"appName":"account-posting","requestType":"IMX_CBS_GL","postingId":"14","e2eRef":"E2E-IT-1000","app":"account-posting"}
{"timestamp":"2026-03-22T06:05:31.7485998Z","@version":"1","message":"Posting completed | status=SUCCESS legs=2","logger":"com.accountposting.service.impl.AccountPostingServiceImpl","thread":"main","level":"INFO","level_value":20000,"appName":"account-posting","requestType":"IMX_CBS_GL","postingId":"14","e2eRef":"E2E-IT-1000","app":"account-posting"}
{"timestamp":"2026-03-22T06:05:31.7758546Z","@version":"1","message":"Posting saved | sourceName=IMX requestType=IMX_OBPM","logger":"com.accountposting.service.impl.AccountPostingServiceImpl","thread":"main","level":"INFO","level_value":20000,"appName":"account-posting","requestType":"IMX_OBPM","postingId":"15","e2eRef":"E2E-IT-1001","app":"account-posting"}
{"timestamp":"2026-03-22T06:05:31.7831459Z","@version":"1","message":"Config loaded | targetSystems=OBPM","logger":"com.accountposting.service.impl.AccountPostingServiceImpl","thread":"main","level":"INFO","level_value":20000,"appName":"account-posting","requestType":"IMX_OBPM","postingId":"15","e2eRef":"E2E-IT-1001","app":"account-posting"}
{"timestamp":"2026-03-22T06:05:31.7895893Z","@version":"1","message":"Added leg postingLegId=25 postingId=15 targetSystem=OBPM status=PENDING","logger":"com.accountposting.service.impl.AccountPostingLegServiceImpl","thread":"main","level":"INFO","level_value":20000,"appName":"account-posting","requestType":"IMX_OBPM","postingId":"15","e2eRef":"E2E-IT-1001","app":"account-posting"}
{"timestamp":"2026-03-22T06:05:31.79012Z","@version":"1","message":"Pre-inserted PENDING leg#25 targetSystem=OBPM","logger":"com.accountposting.service.impl.AccountPostingServiceImpl","thread":"main","level":"INFO","level_value":20000,"appName":"account-posting","requestType":"IMX_OBPM","postingId":"15","e2eRef":"E2E-IT-1001","app":"account-posting"}
{"timestamp":"2026-03-22T06:05:31.7906452Z","@version":"1","message":"OBPM CREATE | flow=OBPM_POSTING","logger":"com.accountposting.service.strategy.impl.OBPMPostingService","thread":"main","level":"INFO","level_value":20000,"appName":"account-posting","requestType":"IMX_OBPM","postingId":"15","e2eRef":"E2E-IT-1001","app":"account-posting"}
[...]
{"timestamp":"2026-03-22T06:05:38.7211754Z","@version":"1","message":"Posting completed | status=SUCCESS legs=2","logger":"com.accountposting.service.impl.AccountPostingServiceImpl","thread":"main","level":"INFO","level_value":20000,"appName":"account-posting","requestType":"FED_RETURN","postingId":"116","e2eRef":"E2E-IT-1000","app":"account-posting"}
]]></system-out>
  </testcase>
  <testcase name="stablecoin_buyCustomerPostng_twoLegs_bothSuccess" classname="Two-leg request types — all SUCCESS" time="0.112">
    <system-out><![CDATA[{"timestamp":"2026-03-22T06:05:38.8063077Z","@version":"1","message":"Posting saved | sourceName=STABLECOIN requestType=BUY_CUSTOMER_POSTNG","logger":"com.accountposting.service.impl.AccountPostingServiceImpl","thread":"main","level":"INFO","level_value":20000,"appName":"account-posting","requestType":"BUY_CUSTOMER_POSTNG","postingId":"117","e2eRef":"E2E-IT-1000","app":"account-posting"}
{"timestamp":"2026-03-22T06:05:38.8099698Z","@version":"1","message":"Config loaded | targetSystems=OBPM_GL","logger":"com.accountposting.service.impl.AccountPostingServiceImpl","thread":"main","level":"INFO","level_value":20000,"appName":"account-posting","requestType":"BUY_CUSTOMER_POSTNG","postingId":"117","e2eRef":"E2E-IT-1000","app":"account-posting"}
{"timestamp":"2026-03-22T06:05:38.8130189Z","@version":"1","message":"Added leg postingLegId=204 postingId=117 targetSystem=OBPM status=PENDING","logger":"com.accountposting.service.impl.AccountPostingLegServiceImpl","thread":"main","level":"INFO","level_value":20000,"appName":"account-posting","requestType":"BUY_CUSTOMER_POSTNG","postingId":"117","e2eRef":"E2E-IT-1000","app":"account-posting"}
{"timestamp":"2026-03-22T06:05:38.8130189Z","@version":"1","message":"Pre-inserted PENDING leg#204 targetSystem=OBPM","logger":"com.accountposting.service.impl.AccountPostingServiceImpl","thread":"main","level":"INFO","level_value":20000,"appName":"account-posting","requestType":"BUY_CUSTOMER_POSTNG","postingId":"117","e2eRef":"E2E-IT-1000","app":"account-posting"}
{"timestamp":"2026-03-22T06:05:38.8161714Z","@version":"1","message":"Added leg postingLegId=205 postingId=117 targetSystem=GL status=PENDING","logger":"com.accountposting.service.impl.AccountPostingLegServiceImpl","thread":"main","level":"INFO","level_value":20000,"appName":"account-posting","requestType":"BUY_CUSTOMER_POSTNG","postingId":"117","e2eRef":"E2E-IT-1000","app":"account-posting"}
{"timestamp":"2026-03-22T06:05:38.8161714Z","@version":"1","message":"Pre-inserted PENDING leg#205 targetSystem=GL","logger":"com.accountposting.service.impl.AccountPostingServiceImpl","thread":"main","level":"INFO","level_value":20000,"appName":"account-posting","requestType":"BUY_CUSTOMER_POSTNG","postingId":"117","e2eRef":"E2E-IT-1000","app":"account-posting"}
{"timestamp":"2026-03-22T06:05:38.8167064Z","@version":"1","message":"OBPM CREATE | flow=OBPM_POSTING","logger":"com.accountposting.service.strategy.impl.OBPMPostingService","thread":"main","level":"INFO","level_value":20000,"appName":"account-posting","requestType":"BUY_CUSTOMER_POSTNG","postingId":"117","e2eRef":"E2E-IT-1000","app":"account-posting"}
{"timestamp":"2026-03-22T06:05:38.8167064Z","@version":"1","message":"OBPM | leg#204 obpmStatus=SUCCESS","logger":"com.accountposting.service.strategy.impl.OBPMPostingService","thread":"main","level":"INFO","level_value":20000,"appName":"account-posting","requestType":"BUY_CUSTOMER_POSTNG","postingId":"117","e2eRef":"E2E-IT-1000","app":"account-posting"}
{"timestamp":"2026-03-22T06:05:38.8204023Z","@version":"1","message":"Updated leg postingLegId=204 postingId=117 status: PENDING -> SUCCESS mode=NORM attempt=1","logger":"com.accountposting.service.impl.AccountPostingLegServiceImpl","thread":"main","level":"INFO","level_value":20000,"appName":"account-posting","requestType":"BUY_CUSTOMER_POSTNG","postingId":"117","e2eRef":"E2E-IT-1000","app":"account-posting"}
{"timestamp":"2026-03-22T06:05:38.8209193Z","@version":"1","message":"OBPM | leg#204 finalStatus=SUCCESS","logger":"com.accountposting.service.strategy.impl.OBPMPostingService","thread":"main","level":"INFO","level_value":20000,"appName":"account-posting","requestType":"BUY_CUSTOMER_POSTNG","postingId":"117","e2eRef":"E2E-IT-1000","app":"account-posting"}
{"timestamp":"2026-03-22T06:05:38.8214452Z","@version":"1","message":"GL CREATE | flow=GL_POSTING","logger":"com.accountposting.service.strategy.impl.GLPostingService","thread":"main","level":"INFO","level_value":20000,"appName":"account-posting","requestType":"BUY_CUSTOMER_POSTNG","postingId":"117","e2eRef":"E2E-IT-1000","app":"account-posting"}
{"timestamp":"2026-03-22T06:05:38.8214452Z","@version":"1","message":"GL | leg#205 glStatus=SUCCESS","logger":"com.accountposting.service.strategy.impl.GLPostingService","thread":"main","level":"INFO","level_value":20000,"appName":"account-posting","requestType":"BUY_CUSTOMER_POSTNG","postingId":"117","e2eRef":"E2E-IT-1000","app":"account-posting"}
{"timestamp":"2026-03-22T06:05:38.8299303Z","@version":"1","message":"Updated leg postingLegId=205 postingId=117 status: PENDING -> SUCCESS mode=NORM attempt=1","logger":"com.accountposting.service.impl.AccountPostingLegServiceImpl","thread":"main","level":"INFO","level_value":20000,"appName":"account-posting","requestType":"BUY_CUSTOMER_POSTNG","postingId":"117","e2eRef":"E2E-IT-1000","app":"account-posting"}
{"timestamp":"2026-03-22T06:05:38.8299303Z","@version":"1","message":"GL | leg#205 finalStatus=SUCCESS","logger":"com.accountposting.service.strategy.impl.GLPostingService","thread":"main","level":"INFO","level_value":20000,"appName":"account-posting","requestType":"BUY_CUSTOMER_POSTNG","postingId":"117","e2eRef":"E2E-IT-1000","app":"account-posting"}
{"timestamp":"2026-03-22T06:05:38.8304523Z","@version":"1","message":"Posting completed | status=SUCCESS legs=2","logger":"com.accountposting.service.impl.AccountPostingServiceImpl","thread":"main","level":"INFO","level_value":20000,"appName":"account-posting","requestType":"BUY_CUSTOMER_POSTNG","postingId":"117","e2eRef":"E2E-IT-1000","app":"account-posting"}
]]></system-out>
  </testcase>
  <testcase name="imx_obpm_singleObpmLeg_success" classname="Single-leg request types — all SUCCESS" time="0.078">
    <system-out><![CDATA[{"timestamp":"2026-03-22T06:05:38.9151104Z","@version":"1","message":"Posting saved | sourceName=IMX requestType=IMX_OBPM","logger":"com.accountposting.service.impl.AccountPostingServiceImpl","thread":"main","level":"INFO","level_value":20000,"appName":"account-posting","requestType":"IMX_OBPM","postingId":"118","e2eRef":"E2E-IT-1000","app":"account-posting"}
{"timestamp":"2026-03-22T06:05:38.9166292Z","@version":"1","message":"Config loaded | targetSystems=OBPM","logger":"com.accountposting.service.impl.AccountPostingServiceImpl","thread":"main","level":"INFO","level_value":20000,"appName":"account-posting","requestType":"IMX_OBPM","postingId":"118","e2eRef":"E2E-IT-1000","app":"account-posting"}
{"timestamp":"2026-03-22T06:05:38.9188681Z","@version":"1","message":"Added leg postingLegId=206 postingId=118 targetSystem=OBPM status=PENDING","logger":"com.accountposting.service.impl.AccountPostingLegServiceImpl","thread":"main","level":"INFO","level_value":20000,"appName":"account-posting","requestType":"IMX_OBPM","postingId":"118","e2eRef":"E2E-IT-1000","app":"account-posting"}
{"timestamp":"2026-03-22T06:05:38.9188681Z","@version":"1","message":"Pre-inserted PENDING leg#206 targetSystem=OBPM","logger":"com.accountposting.service.impl.AccountPostingServiceImpl","thread":"main","level":"INFO","level_value":20000,"appName":"account-posting","requestType":"IMX_OBPM","postingId":"118","e2eRef":"E2E-IT-1000","app":"account-posting"}
{"timestamp":"2026-03-22T06:05:38.9193938Z","@version":"1","message":"OBPM CREATE | flow=OBPM_POSTING","logger":"com.accountposting.service.strategy.impl.OBPMPostingService","thread":"main","level":"INFO","level_value":20000,"appName":"account-posting","requestType":"IMX_OBPM","postingId":"118","e2eRef":"E2E-IT-1000","app":"account-posting"}
{"timestamp":"2026-03-22T06:05:38.9193938Z","@version":"1","message":"OBPM | leg#206 obpmStatus=SUCCESS","logger":"com.accountposting.service.strategy.impl.OBPMPostingService","thread":"main","level":"INFO","level_value":20000,"appName":"account-posting","requestType":"IMX_OBPM","postingId":"118","e2eRef":"E2E-IT-1000","app":"account-posting"}
{"timestamp":"2026-03-22T06:05:38.9214883Z","@version":"1","message":"Updated leg postingLegId=206 postingId=118 status: PENDING -> SUCCESS mode=NORM attempt=1","logger":"com.accountposting.service.impl.AccountPostingLegServiceImpl","thread":"main","level":"INFO","level_value":20000,"appName":"account-posting","requestType":"IMX_OBPM","postingId":"118","e2eRef":"E2E-IT-1000","app":"account-posting"}
{"timestamp":"2026-03-22T06:05:38.9219999Z","@version":"1","message":"OBPM | leg#206 finalStatus=SUCCESS","logger":"com.accountposting.service.strategy.impl.OBPMPostingService","thread":"main","level":"INFO","level_value":20000,"appName":"account-posting","requestType":"IMX_OBPM","postingId":"118","e2eRef":"E2E-IT-1000","app":"account-posting"}
{"timestamp":"2026-03-22T06:05:38.9219999Z","@version":"1","message":"Posting completed | status=SUCCESS legs=1","logger":"com.accountposting.service.impl.AccountPostingServiceImpl","thread":"main","level":"INFO","level_value":20000,"appName":"account-posting","requestType":"IMX_OBPM","postingId":"118","e2eRef":"E2E-IT-1000","app":"account-posting"}
]]></system-out>
  </testcase>
  <testcase name="rms_mcaReturn_cbsOnly_success" classname="Single-leg request types — all SUCCESS" time="0.114">
    <system-out><![CDATA[{"timestamp":"2026-03-22T06:05:39.0152276Z","@version":"1","message":"Posting saved | sourceName=RMS requestType=MCA_RETURN","logger":"com.accountposting.service.impl.AccountPostingServiceImpl","thread":"main","level":"INFO","level_value":20000,"appName":"account-posting","requestType":"MCA_RETURN","postingId":"119","e2eRef":"E2E-IT-1000","app":"account-posting"}
{"timestamp":"2026-03-22T06:05:39.0195567Z","@version":"1","message":"Config loaded | targetSystems=CBS","logger":"com.accountposting.service.impl.AccountPostingServiceImpl","thread":"main","level":"INFO","level_value":20000,"appName":"account-posting","requestType":"MCA_RETURN","postingId":"119","e2eRef":"E2E-IT-1000","app":"account-posting"}
{"timestamp":"2026-03-22T06:05:39.02325Z","@version":"1","message":"Added leg postingLegId=207 postingId=119 targetSystem=CBS status=PENDING","logger":"com.accountposting.service.impl.AccountPostingLegServiceImpl","thread":"main","level":"INFO","level_value":20000,"appName":"account-posting","requestType":"MCA_RETURN","postingId":"119","e2eRef":"E2E-IT-1000","app":"account-posting"}
{"timestamp":"2026-03-22T06:05:39.0237731Z","@version":"1","message":"Pre-inserted PENDING leg#207 targetSystem=CBS","logger":"com.accountposting.service.impl.AccountPostingServiceImpl","thread":"main","level":"INFO","level_value":20000,"appName":"account-posting","requestType":"MCA_RETURN","postingId":"119","e2eRef":"E2E-IT-1000","app":"account-posting"}
{"timestamp":"2026-03-22T06:05:39.0242975Z","@version":"1","message":"CBS CREATE | postingId=119 flow=CBS_POSTING","logger":"com.accountposting.service.strategy.impl.CBSPostingService","thread":"main","level":"INFO","level_value":20000,"appName":"account-posting","requestType":"MCA_RETURN","postingId":"119","e2eRef":"E2E-IT-1000","app":"account-posting"}
{"timestamp":"2026-03-22T06:05:39.0242975Z","@version":"1","message":"CBS | leg#207 cbsStatus=SUCCESS","logger":"com.accountposting.service.strategy.impl.CBSPostingService","thread":"main","level":"INFO","level_value":20000,"appName":"account-posting","requestType":"MCA_RETURN","postingId":"119","e2eRef":"E2E-IT-1000","app":"account-posting"}
{"timestamp":"2026-03-22T06:05:39.0290004Z","@version":"1","message":"Updated leg postingLegId=207 postingId=119 status: PENDING -> SUCCESS mode=NORM attempt=1","logger":"com.accountposting.service.impl.AccountPostingLegServiceImpl","thread":"main","level":"INFO","level_value":20000,"appName":"account-posting","requestType":"MCA_RETURN","postingId":"119","e2eRef":"E2E-IT-1000","app":"account-posting"}
{"timestamp":"2026-03-22T06:05:39.0290004Z","@version":"1","message":"CBS | leg#207 finalStatus=SUCCESS","logger":"com.accountposting.service.strategy.impl.CBSPostingService","thread":"main","level":"INFO","level_value":20000,"appName":"account-posting","requestType":"MCA_RETURN","postingId":"119","e2eRef":"E2E-IT-1000","app":"account-posting"}
{"timestamp":"2026-03-22T06:05:39.0295295Z","@version":"1","message":"Posting completed | status=SUCCESS legs=1","logger":"com.accountposting.service.impl.AccountPostingServiceImpl","thread":"main","level":"INFO","level_value":20000,"appName":"account-posting","requestType":"MCA_RETURN","postingId":"119","e2eRef":"E2E-IT-1000","app":"account-posting"}
]]></system-out>
  </testcase>
  <testcase name="imx_glReturn_glOnly_success" classname="Single-leg request types — all SUCCESS" time="0.101">
    <system-out><![CDATA[{"timestamp":"2026-03-22T06:05:39.1219383Z","@version":"1","message":"Posting saved | sourceName=IMX requestType=GL_RETURN","logger":"com.accountposting.service.impl.AccountPostingServiceImpl","thread":"main","level":"INFO","level_value":20000,"appName":"account-posting","requestType":"GL_RETURN","postingId":"120","e2eRef":"E2E-IT-1000","app":"account-posting"}
{"timestamp":"2026-03-22T06:05:39.1257003Z","@version":"1","message":"Config loaded | targetSystems=GL","logger":"com.accountposting.service.impl.AccountPostingServiceImpl","thread":"main","level":"INFO","level_value":20000,"appName":"account-posting","requestType":"GL_RETURN","postingId":"120","e2eRef":"E2E-IT-1000","app":"account-posting"}
{"timestamp":"2026-03-22T06:05:39.1291956Z","@version":"1","message":"Added leg postingLegId=208 postingId=120 targetSystem=GL status=PENDING","logger":"com.accountposting.service.impl.AccountPostingLegServiceImpl","thread":"main","level":"INFO","level_value":20000,"appName":"account-posting","requestType":"GL_RETURN","postingId":"120","e2eRef":"E2E-IT-1000","app":"account-posting"}
{"timestamp":"2026-03-22T06:05:39.1291956Z","@version":"1","message":"Pre-inserted PENDING leg#208 targetSystem=GL","logger":"com.accountposting.service.impl.AccountPostingServiceImpl","thread":"main","level":"INFO","level_value":20000,"appName":"account-posting","requestType":"GL_RETURN","postingId":"120","e2eRef":"E2E-IT-1000","app":"account-posting"}
{"timestamp":"2026-03-22T06:05:39.1297237Z","@version":"1","message":"GL CREATE | flow=GL_POSTING","logger":"com.accountposting.service.strategy.impl.GLPostingService","thread":"main","level":"INFO","level_value":20000,"appName":"account-posting","requestType":"GL_RETURN","postingId":"120","e2eRef":"E2E-IT-1000","app":"account-posting"}
{"timestamp":"2026-03-22T06:05:39.1302474Z","@version":"1","message":"GL | leg#208 glStatus=SUCCESS","logger":"com.accountposting.service.strategy.impl.GLPostingService","thread":"main","level":"INFO","level_value":20000,"appName":"account-posting","requestType":"GL_RETURN","postingId":"120","e2eRef":"E2E-IT-1000","app":"account-posting"}
{"timestamp":"2026-03-22T06:05:39.133423Z","@version":"1","message":"Updated leg postingLegId=208 postingId=120 status: PENDING -> SUCCESS mode=NORM attempt=1","logger":"com.accountposting.service.impl.AccountPostingLegServiceImpl","thread":"main","level":"INFO","level_value":20000,"appName":"account-posting","requestType":"GL_RETURN","postingId":"120","e2eRef":"E2E-IT-1000","app":"account-posting"}
{"timestamp":"2026-03-22T06:05:39.133423Z","@version":"1","message":"GL | leg#208 finalStatus=SUCCESS","logger":"com.accountposting.service.strategy.impl.GLPostingService","thread":"main","level":"INFO","level_value":20000,"appName":"account-posting","requestType":"GL_RETURN","postingId":"120","e2eRef":"E2E-IT-1000","app":"account-posting"}
{"timestamp":"2026-03-22T06:05:39.1339404Z","@version":"1","message":"Posting completed | status=SUCCESS legs=1","logger":"com.accountposting.service.impl.AccountPostingServiceImpl","thread":"main","level":"INFO","level_value":20000,"appName":"account-posting","requestType":"GL_RETURN","postingId":"120","e2eRef":"E2E-IT-1000","app":"account-posting"}
]]></system-out>
  </testcase>
  <testcase name="imx_addAccountHold_cbsOnly_success" classname="Single-leg request types — all SUCCESS" time="0.104">
    <system-out><![CDATA[{"timestamp":"2026-03-22T06:05:39.2251072Z","@version":"1","message":"Posting saved | sourceName=IMX requestType=ADD_ACCOUNT_HOLD","logger":"com.accountposting.service.impl.AccountPostingServiceImpl","thread":"main","level":"INFO","level_value":20000,"appName":"account-posting","requestType":"ADD_ACCOUNT_HOLD","postingId":"121","e2eRef":"E2E-IT-1000","app":"account-posting"}
{"timestamp":"2026-03-22T06:05:39.2282584Z","@version":"1","message":"Config loaded | targetSystems=CBS","logger":"com.accountposting.service.impl.AccountPostingServiceImpl","thread":"main","level":"INFO","level_value":20000,"appName":"account-posting","requestType":"ADD_ACCOUNT_HOLD","postingId":"121","e2eRef":"E2E-IT-1000","app":"account-posting"}
{"timestamp":"2026-03-22T06:05:39.2313992Z","@version":"1","message":"Added leg postingLegId=209 postingId=121 targetSystem=CBS status=PENDING","logger":"com.accountposting.service.impl.AccountPostingLegServiceImpl","thread":"main","level":"INFO","level_value":20000,"appName":"account-posting","requestType":"ADD_ACCOUNT_HOLD","postingId":"121","e2eRef":"E2E-IT-1000","app":"account-posting"}
{"timestamp":"2026-03-22T06:05:39.2313992Z","@version":"1","message":"Pre-inserted PENDING leg#209 targetSystem=CBS","logger":"com.accountposting.service.impl.AccountPostingServiceImpl","thread":"main","level":"INFO","level_value":20000,"appName":"account-posting","requestType":"ADD_ACCOUNT_HOLD","postingId":"121","e2eRef":"E2E-IT-1000","app":"account-posting"}
{"timestamp":"2026-03-22T06:05:39.2319242Z","@version":"1","message":"CBS CREATE | postingId=121 flow=CBS_POSTING","logger":"com.accountposting.service.strategy.impl.CBSPostingService","thread":"main","level":"INFO","level_value":20000,"appName":"account-posting","requestType":"ADD_ACCOUNT_HOLD","postingId":"121","e2eRef":"E2E-IT-1000","app":"account-posting"}
{"timestamp":"2026-03-22T06:05:39.2324527Z","@version":"1","message":"CBS | leg#209 cbsStatus=SUCCESS","logger":"com.accountposting.service.strategy.impl.CBSPostingService","thread":"main","level":"INFO","level_value":20000,"appName":"account-posting","requestType":"ADD_ACCOUNT_HOLD","postingId":"121","e2eRef":"E2E-IT-1000","app":"account-posting"}
{"timestamp":"2026-03-22T06:05:39.2363001Z","@version":"1","message":"Updated leg postingLegId=209 postingId=121 status: PENDING -> SUCCESS mode=NORM attempt=1","logger":"com.accountposting.service.impl.AccountPostingLegServiceImpl","thread":"main","level":"INFO","level_value":20000,"appName":"account-posting","requestType":"ADD_ACCOUNT_HOLD","postingId":"121","e2eRef":"E2E-IT-1000","app":"account-posting"}
{"timestamp":"2026-03-22T06:05:39.2363001Z","@version":"1","message":"CBS | leg#209 finalStatus=SUCCESS","logger":"com.accountposting.service.strategy.impl.CBSPostingService","thread":"main","level":"INFO","level_value":20000,"appName":"account-posting","requestType":"ADD_ACCOUNT_HOLD","postingId":"121","e2eRef":"E2E-IT-1000","app":"account-posting"}
{"timestamp":"2026-03-22T06:05:39.2368299Z","@version":"1","message":"Posting completed | status=SUCCESS legs=1","logger":"com.accountposting.service.impl.AccountPostingServiceImpl","thread":"main","level":"INFO","level_value":20000,"appName":"account-posting","requestType":"ADD_ACCOUNT_HOLD","postingId":"121","e2eRef":"E2E-IT-1000","app":"account-posting"}
]]></system-out>
  </testcase>
</testsuite>